{"meta": {"format": 3, "version": "7.11.0", "timestamp": "2026-01-23T00:53:08.928813", "branch_coverage": false, "show_contexts": false}, "files": {"src/workflows/__init__.py": {"executed_lines": [4, 5, 6, 8], "summary": {"covered_lines": 4, "num_statements": 4, "percent_covered": 100.0, "percent_covered_display": "100", "missing_lines": 0, "excluded_lines": 0}, "missing_lines": [], "excluded_lines": [], "functions": {"": {"executed_lines": [4, 5, 6, 8], "summary": {"covered_lines": 4, "num_statements": 4, "percent_covered": 100.0, "percent_covered_display": "100", "missing_lines": 0, "excluded_lines": 0}, "missing_lines": [], "excluded_lines": []}}, "classes": {"": {"executed_lines": [4, 5, 6, 8], "summary": {"covered_lines": 4, "num_statements": 4, "percent_covered": 100.0, "percent_covered_display": "100", "missing_lines": 0, "excluded_lines": 0}, "missing_lines": [], "excluded_lines": []}}}, "src/workflows/client/__init__.py": {"executed_lines": [1, 3], "summary": {"covered_lines": 2, "num_statements": 2, "percent_covered": 100.0, "percent_covered_display": "100", "missing_lines": 0, "excluded_lines": 0}, "missing_lines": [], "excluded_lines": [], "functions": {"": {"executed_lines": [1, 3], "summary": {"covered_lines": 2, "num_statements": 2, "percent_covered": 100.0, "percent_covered_display": "100", "missing_lines": 0, "excluded_lines": 0}, "missing_lines": [], "excluded_lines": []}}, "classes": {"": {"executed_lines": [1, 3], "summary": {"covered_lines": 2, "num_statements": 2, "percent_covered": 100.0, "percent_covered_display": "100", "missing_lines": 0, "excluded_lines": 0}, "missing_lines": [], "excluded_lines": []}}}, "src/workflows/client/client.py": {"executed_lines": [4, 6, 7, 14, 16, 17, 18, 27, 33, 38, 39, 40, 41, 42, 43, 44, 45, 46, 54, 55, 56, 57, 58, 64, 70, 72, 74, 75, 77, 78, 79, 80, 82, 83, 85, 92, 93, 94, 95, 97, 104, 105, 107, 109, 111, 129, 130, 131, 136, 141, 145, 147, 148, 152, 154, 156, 174, 175, 176, 181, 186, 190, 192, 193, 197, 199, 201, 218, 219, 221, 222, 223, 235, 237, 241, 243, 244, 245, 246, 248, 252, 255, 272, 273, 276, 277, 279, 280, 281, 283, 285, 289, 291, 304, 305, 312, 314, 316, 326, 327, 328, 330, 332, 342, 343, 347, 349, 352, 355, 356, 357], "summary": {"covered_lines": 107, "num_statements": 131, "percent_covered": 81.6793893129771, "percent_covered_display": "82", "missing_lines": 24, "excluded_lines": 9}, "missing_lines": [51, 71, 73, 132, 133, 137, 138, 139, 140, 146, 177, 178, 182, 183, 184, 185, 191, 236, 239, 249, 253, 274, 275, 278], "excluded_lines": [55, 56, 57, 58, 59, 60, 61, 62, 63], "functions": {"_raise_for_status_with_body": {"executed_lines": [38, 39, 40, 41, 42, 43, 44, 45, 46], "summary": {"covered_lines": 9, "num_statements": 10, "percent_covered": 90.0, "percent_covered_display": "90", "missing_lines": 1, "excluded_lines": 0}, "missing_lines": [51], "excluded_lines": []}, "WorkflowClient.__init__": {"executed_lines": [70, 72, 74, 75], "summary": {"covered_lines": 4, "num_statements": 6, "percent_covered": 66.66666666666667, "percent_covered_display": "67", "missing_lines": 2, "excluded_lines": 0}, "missing_lines": [71, 73], "excluded_lines": []}, "WorkflowClient._get_client": {"executed_lines": [79, 80, 82, 83], "summary": {"covered_lines": 4, "num_statements": 4, "percent_covered": 100.0, "percent_covered_display": "100", "missing_lines": 0, "excluded_lines": 0}, "missing_lines": [], "excluded_lines": []}, "WorkflowClient.is_healthy": {"executed_lines": [92, 93, 94, 95], "summary": {"covered_lines": 4, "num_statements": 4, "percent_covered": 100.0, "percent_covered_display": "100", "missing_lines": 0, "excluded_lines": 0}, "missing_lines": [], "excluded_lines": []}, "WorkflowClient.list_workflows": {"executed_lines": [104, 105, 107, 109], "summary": {"covered_lines": 4, "num_statements": 4, "percent_covered": 100.0, "percent_covered_display": "100", "missing_lines": 0, "excluded_lines": 0}, "missing_lines": [], "excluded_lines": []}, "WorkflowClient.run_workflow": {"executed_lines": [129, 130, 131, 136, 141, 145, 147, 148, 152, 154], "summary": {"covered_lines": 10, "num_statements": 17, "percent_covered": 58.8235294117647, "percent_covered_display": "59", "missing_lines": 7, "excluded_lines": 0}, "missing_lines": [132, 133, 137, 138, 139, 140, 146], "excluded_lines": []}, "WorkflowClient.run_workflow_nowait": {"executed_lines": [174, 175, 176, 181, 186, 190, 192, 193, 197, 199], "summary": {"covered_lines": 10, "num_statements": 17, "percent_covered": 58.8235294117647, "percent_covered_display": "59", "missing_lines": 7, "excluded_lines": 0}, "missing_lines": [177, 178, 182, 183, 184, 185, 191], "excluded_lines": []}, "WorkflowClient.get_workflow_events": {"executed_lines": [218, 219, 221, 222, 223, 235, 237, 241, 243, 244, 245, 246, 248, 252], "summary": {"covered_lines": 14, "num_statements": 18, "percent_covered": 77.77777777777777, "percent_covered_display": "78", "missing_lines": 4, "excluded_lines": 0}, "missing_lines": [236, 239, 249, 253], "excluded_lines": []}, "WorkflowClient.send_event": {"executed_lines": [272, 273, 276, 277, 279, 280, 281, 283], "summary": {"covered_lines": 8, "num_statements": 11, "percent_covered": 72.72727272727273, "percent_covered_display": "73", "missing_lines": 3, "excluded_lines": 0}, "missing_lines": [274, 275, 278], "excluded_lines": []}, "WorkflowClient.get_result": {"executed_lines": [289], "summary": {"covered_lines": 1, "num_statements": 1, "percent_covered": 100.0, "percent_covered_display": "100", "missing_lines": 0, "excluded_lines": 0}, "missing_lines": [], "excluded_lines": []}, "WorkflowClient.get_handlers": {"executed_lines": [304, 305, 312, 314], "summary": {"covered_lines": 4, "num_statements": 4, "percent_covered": 100.0, "percent_covered_display": "100", "missing_lines": 0, "excluded_lines": 0}, "missing_lines": [], "excluded_lines": []}, "WorkflowClient.get_handler": {"executed_lines": [326, 327, 328, 330], "summary": {"covered_lines": 4, "num_statements": 4, "percent_covered": 100.0, "percent_covered_display": "100", "missing_lines": 0, "excluded_lines": 0}, "missing_lines": [], "excluded_lines": []}, "WorkflowClient.cancel_handler": {"executed_lines": [342, 343, 347, 349], "summary": {"covered_lines": 4, "num_statements": 4, "percent_covered": 100.0, "percent_covered_display": "100", "missing_lines": 0, "excluded_lines": 0}, "missing_lines": [], "excluded_lines": []}, "_serialize_event": {"executed_lines": [355, 356, 357], "summary": {"covered_lines": 3, "num_statements": 3, "percent_covered": 100.0, "percent_covered_display": "100", "missing_lines": 0, "excluded_lines": 0}, "missing_lines": [], "excluded_lines": []}, "": {"executed_lines": [4, 6, 7, 14, 16, 17, 18, 27, 33, 54, 55, 57, 58, 64, 77, 78, 85, 97, 111, 156, 201, 255, 285, 291, 316, 332, 352], "summary": {"covered_lines": 24, "num_statements": 24, "percent_covered": 100.0, "percent_covered_display": "100", "missing_lines": 0, "excluded_lines": 7}, "missing_lines": [], "excluded_lines": [55, 57, 58, 59, 60, 61, 63]}}, "classes": {"WorkflowClient": {"executed_lines": [56, 70, 72, 74, 75, 79, 80, 82, 83, 92, 93, 94, 95, 104, 105, 107, 109, 129, 130, 131, 136, 141, 145, 147, 148, 152, 154, 174, 175, 176, 181, 186, 190, 192, 193, 197, 199, 218, 219, 221, 222, 223, 235, 237, 241, 243, 244, 245, 246, 248, 252, 272, 273, 276, 277, 279, 280, 281, 283, 289, 304, 305, 312, 314, 326, 327, 328, 330, 342, 343, 347, 349], "summary": {"covered_lines": 71, "num_statements": 94, "percent_covered": 75.53191489361703, "percent_covered_display": "76", "missing_lines": 23, "excluded_lines": 2}, "missing_lines": [71, 73, 132, 133, 137, 138, 139, 140, 146, 177, 178, 182, 183, 184, 185, 191, 236, 239, 249, 253, 274, 275, 278], "excluded_lines": [56, 62]}, "": {"executed_lines": [4, 6, 7, 14, 16, 17, 18, 27, 33, 38, 39, 40, 41, 42, 43, 44, 45, 46, 54, 55, 57, 58, 64, 77, 78, 85, 97, 111, 156, 201, 255, 285, 291, 316, 332, 352, 355, 356, 357], "summary": {"covered_lines": 36, "num_statements": 37, "percent_covered": 97.29729729729729, "percent_covered_display": "97", "missing_lines": 1, "excluded_lines": 7}, "missing_lines": [51], "excluded_lines": [55, 57, 58, 59, 60, 61, 63]}}}, "src/workflows/context/__init__.py": {"executed_lines": [4, 5, 7], "summary": {"covered_lines": 3, "num_statements": 3, "percent_covered": 100.0, "percent_covered_display": "100", "missing_lines": 0, "excluded_lines": 0}, "missing_lines": [], "excluded_lines": [], "functions": {"": {"executed_lines": [4, 5, 7], "summary": {"covered_lines": 3, "num_statements": 3, "percent_covered": 100.0, "percent_covered_display": "100", "missing_lines": 0, "excluded_lines": 0}, "missing_lines": [], "excluded_lines": []}}, "classes": {"": {"executed_lines": [4, 5, 7], "summary": {"covered_lines": 3, "num_statements": 3, "percent_covered": 100.0, "percent_covered_display": "100", "missing_lines": 0, "excluded_lines": 0}, "missing_lines": [], "excluded_lines": []}}}, "src/workflows/context/context.py": {"executed_lines": [4, 6, 7, 8, 9, 19, 24, 25, 26, 27, 31, 36, 37, 38, 41, 42, 44, 45, 47, 51, 52, 56, 57, 60, 64, 65, 126, 129, 133, 140, 145, 147, 148, 158, 159, 161, 162, 163, 164, 169, 177, 179, 180, 189, 191, 192, 199, 200, 212, 213, 214, 221, 223, 224, 232, 235, 243, 245, 255, 256, 258, 259, 260, 262, 263, 268, 279, 283, 293, 302, 308, 317, 318, 327, 329, 359, 361, 362, 396, 397, 398, 402, 410, 447, 451, 490, 491, 492, 493, 497, 545, 549, 564, 566, 594, 607, 609, 610, 634, 635, 647, 648, 660, 661, 670, 671, 678, 679, 686, 687], "summary": {"covered_lines": 108, "num_statements": 155, "percent_covered": 69.6774193548387, "percent_covered_display": "70", "missing_lines": 47, "excluded_lines": 2}, "missing_lines": [154, 155, 156, 166, 167, 171, 172, 173, 181, 182, 185, 193, 194, 197, 274, 310, 311, 312, 313, 315, 399, 400, 408, 495, 590, 591, 592, 616, 617, 618, 620, 621, 622, 623, 624, 626, 627, 628, 629, 630, 631, 636, 649, 662, 672, 680, 688], "excluded_lines": [47, 48], "functions": {"Context.__init__": {"executed_lines": [140, 145], "summary": {"covered_lines": 2, "num_statements": 2, "percent_covered": 100.0, "percent_covered_display": "100", "missing_lines": 0, "excluded_lines": 0}, "missing_lines": [], "excluded_lines": []}, "Context._create_face": {"executed_lines": [], "summary": {"covered_lines": 0, "num_statements": 3, "percent_covered": 0.0, "percent_covered_display": "0", "missing_lines": 3, "excluded_lines": 0}, "missing_lines": [154, 155, 156], "excluded_lines": []}, "Context.is_running": {"executed_lines": [161, 162, 163, 164], "summary": {"covered_lines": 4, "num_statements": 6, "percent_covered": 66.66666666666667, "percent_covered_display": "67", "missing_lines": 2, "excluded_lines": 0}, "missing_lines": [166, 167], "excluded_lines": []}, "Context._require_pre": {"executed_lines": [], "summary": {"covered_lines": 0, "num_statements": 3, "percent_covered": 0.0, "percent_covered_display": "0", "missing_lines": 3, "excluded_lines": 0}, "missing_lines": [171, 172, 173], "excluded_lines": []}, "Context._require_external": {"executed_lines": [179, 180], "summary": {"covered_lines": 2, "num_statements": 5, "percent_covered": 40.0, "percent_covered_display": "40", "missing_lines": 3, "excluded_lines": 0}, "missing_lines": [181, 182, 185], "excluded_lines": []}, "Context._require_internal": {"executed_lines": [191, 192], "summary": {"covered_lines": 2, "num_statements": 5, "percent_covered": 40.0, "percent_covered_display": "40", "missing_lines": 3, "excluded_lines": 0}, "missing_lines": [193, 194, 197], "excluded_lines": []}, "Context._create_internal": {"executed_lines": [212, 213, 214, 221], "summary": {"covered_lines": 4, "num_statements": 4, "percent_covered": 100.0, "percent_covered_display": "100", "missing_lines": 0, "excluded_lines": 0}, "missing_lines": [], "excluded_lines": []}, "Context._create_external": {"executed_lines": [232, 235, 243], "summary": {"covered_lines": 3, "num_statements": 3, "percent_covered": 100.0, "percent_covered_display": "100", "missing_lines": 0, "excluded_lines": 0}, "missing_lines": [], "excluded_lines": []}, "Context._workflow_run": {"executed_lines": [255, 256, 258, 259, 260, 262, 263, 268, 279, 283, 293, 302], "summary": {"covered_lines": 12, "num_statements": 13, "percent_covered": 92.3076923076923, "percent_covered_display": "92", "missing_lines": 1, "excluded_lines": 0}, "missing_lines": [274], "excluded_lines": []}, "Context._workflow_cancel_run": {"executed_lines": [], "summary": {"covered_lines": 0, "num_statements": 5, "percent_covered": 0.0, "percent_covered_display": "0", "missing_lines": 5, "excluded_lines": 0}, "missing_lines": [310, 311, 312, 313, 315], "excluded_lines": []}, "Context.store": {"executed_lines": [327], "summary": {"covered_lines": 1, "num_statements": 1, "percent_covered": 100.0, "percent_covered_display": "100", "missing_lines": 0, "excluded_lines": 0}, "missing_lines": [], "excluded_lines": []}, "Context.to_dict": {"executed_lines": [359], "summary": {"covered_lines": 1, "num_statements": 1, "percent_covered": 100.0, "percent_covered_display": "100", "missing_lines": 0, "excluded_lines": 0}, "missing_lines": [], "excluded_lines": []}, "Context.from_dict": {"executed_lines": [396, 397, 398], "summary": {"covered_lines": 3, "num_statements": 5, "percent_covered": 60.0, "percent_covered_display": "60", "missing_lines": 2, "excluded_lines": 0}, "missing_lines": [399, 400], "excluded_lines": []}, "Context.running_steps": {"executed_lines": [], "summary": {"covered_lines": 0, "num_statements": 1, "percent_covered": 0.0, "percent_covered_display": "0", "missing_lines": 1, "excluded_lines": 0}, "missing_lines": [408], "excluded_lines": []}, "Context.collect_events": {"executed_lines": [447], "summary": {"covered_lines": 1, "num_statements": 1, "percent_covered": 100.0, "percent_covered_display": "100", "missing_lines": 0, "excluded_lines": 0}, "missing_lines": [], "excluded_lines": []}, "Context.send_event": {"executed_lines": [490, 491, 492, 493], "summary": {"covered_lines": 4, "num_statements": 5, "percent_covered": 80.0, "percent_covered_display": "80", "missing_lines": 1, "excluded_lines": 0}, "missing_lines": [495], "excluded_lines": []}, "Context.wait_for_event": {"executed_lines": [545], "summary": {"covered_lines": 1, "num_statements": 1, "percent_covered": 100.0, "percent_covered_display": "100", "missing_lines": 0, "excluded_lines": 0}, "missing_lines": [], "excluded_lines": []}, "Context.write_event_to_stream": {"executed_lines": [564], "summary": {"covered_lines": 1, "num_statements": 1, "percent_covered": 100.0, "percent_covered_display": "100", "missing_lines": 0, "excluded_lines": 0}, "missing_lines": [], "excluded_lines": []}, "Context.get_result": {"executed_lines": [], "summary": {"covered_lines": 0, "num_statements": 3, "percent_covered": 0.0, "percent_covered_display": "0", "missing_lines": 3, "excluded_lines": 0}, "missing_lines": [590, 591, 592], "excluded_lines": []}, "Context.stream_events": {"executed_lines": [607], "summary": {"covered_lines": 1, "num_statements": 1, "percent_covered": 100.0, "percent_covered_display": "100", "missing_lines": 0, "excluded_lines": 0}, "missing_lines": [], "excluded_lines": []}, "Context.streaming_queue": {"executed_lines": [], "summary": {"covered_lines": 0, "num_statements": 10, "percent_covered": 0.0, "percent_covered_display": "0", "missing_lines": 10, "excluded_lines": 0}, "missing_lines": [616, 617, 618, 620, 626, 627, 628, 629, 630, 631], "excluded_lines": []}, "Context.streaming_queue._pump": {"executed_lines": [], "summary": {"covered_lines": 0, "num_statements": 4, "percent_covered": 0.0, "percent_covered_display": "0", "missing_lines": 4, "excluded_lines": 0}, "missing_lines": [621, 622, 623, 624], "excluded_lines": []}, "_warn_get_result": {"executed_lines": [], "summary": {"covered_lines": 0, "num_statements": 1, "percent_covered": 0.0, "percent_covered_display": "0", "missing_lines": 1, "excluded_lines": 0}, "missing_lines": [636], "excluded_lines": []}, "_warn_streaming_queue": {"executed_lines": [], "summary": {"covered_lines": 0, "num_statements": 1, "percent_covered": 0.0, "percent_covered_display": "0", "missing_lines": 1, "excluded_lines": 0}, "missing_lines": [649], "excluded_lines": []}, "_warn_is_running_in_step": {"executed_lines": [], "summary": {"covered_lines": 0, "num_statements": 1, "percent_covered": 0.0, "percent_covered_display": "0", "missing_lines": 1, "excluded_lines": 0}, "missing_lines": [662], "excluded_lines": []}, "_warn_cancel_before_start": {"executed_lines": [], "summary": {"covered_lines": 0, "num_statements": 1, "percent_covered": 0.0, "percent_covered_display": "0", "missing_lines": 1, "excluded_lines": 0}, "missing_lines": [672], "excluded_lines": []}, "_warn_cancel_in_step": {"executed_lines": [], "summary": {"covered_lines": 0, "num_statements": 1, "percent_covered": 0.0, "percent_covered_display": "0", "missing_lines": 1, "excluded_lines": 0}, "missing_lines": [680], "excluded_lines": []}, "_warn_send_event_before_start": {"executed_lines": [], "summary": {"covered_lines": 0, "num_statements": 1, "percent_covered": 0.0, "percent_covered_display": "0", "missing_lines": 1, "excluded_lines": 0}, "missing_lines": [688], "excluded_lines": []}, "": {"executed_lines": [4, 6, 7, 8, 9, 19, 24, 25, 26, 27, 31, 36, 37, 38, 41, 42, 44, 45, 47, 51, 52, 56, 57, 60, 64, 65, 126, 129, 133, 147, 148, 158, 159, 169, 177, 189, 199, 200, 223, 224, 245, 308, 317, 318, 329, 361, 362, 402, 410, 451, 497, 549, 566, 594, 609, 610, 634, 635, 647, 648, 660, 661, 670, 671, 678, 679, 686, 687], "summary": {"covered_lines": 66, "num_statements": 66, "percent_covered": 100.0, "percent_covered_display": "100", "missing_lines": 0, "excluded_lines": 2}, "missing_lines": [], "excluded_lines": [47, 48]}}, "classes": {"UnserializableKeyWarning": {"executed_lines": [], "summary": {"covered_lines": 0, "num_statements": 0, "percent_covered": 100.0, "percent_covered_display": "100", "missing_lines": 0, "excluded_lines": 0}, "missing_lines": [], "excluded_lines": []}, "Context": {"executed_lines": [140, 145, 161, 162, 163, 164, 179, 180, 191, 192, 212, 213, 214, 221, 232, 235, 243, 255, 256, 258, 259, 260, 262, 263, 268, 279, 283, 293, 302, 327, 359, 396, 397, 398, 447, 490, 491, 492, 493, 545, 564, 607], "summary": {"covered_lines": 42, "num_statements": 83, "percent_covered": 50.602409638554214, "percent_covered_display": "51", "missing_lines": 41, "excluded_lines": 0}, "missing_lines": [154, 155, 156, 166, 167, 171, 172, 173, 181, 182, 185, 193, 194, 197, 274, 310, 311, 312, 313, 315, 399, 400, 408, 495, 590, 591, 592, 616, 617, 618, 620, 621, 622, 623, 624, 626, 627, 628, 629, 630, 631], "excluded_lines": []}, "": {"executed_lines": [4, 6, 7, 8, 9, 19, 24, 25, 26, 27, 31, 36, 37, 38, 41, 42, 44, 45, 47, 51, 52, 56, 57, 60, 64, 65, 126, 129, 133, 147, 148, 158, 159, 169, 177, 189, 199, 200, 223, 224, 245, 308, 317, 318, 329, 361, 362, 402, 410, 451, 497, 549, 566, 594, 609, 610, 634, 635, 647, 648, 660, 661, 670, 671, 678, 679, 686, 687], "summary": {"covered_lines": 66, "num_statements": 72, "percent_covered": 91.66666666666667, "percent_covered_display": "92", "missing_lines": 6, "excluded_lines": 2}, "missing_lines": [636, 649, 662, 672, 680, 688], "excluded_lines": [47, 48]}}}, "src/workflows/context/context_types.py": {"executed_lines": [1, 2, 4, 5, 6, 8, 10, 13, 14, 30, 35, 39, 43, 46, 50, 53, 56, 60, 63, 64, 67, 69, 71, 74, 75, 78, 80, 82, 84, 86, 88, 89, 90, 92, 98, 101, 102, 105, 107, 110, 112, 115, 116, 122, 125, 128, 132, 134, 135, 141, 144, 150, 152, 155, 158, 167, 168, 169, 195, 202, 203, 206, 207, 210, 211], "summary": {"covered_lines": 60, "num_statements": 74, "percent_covered": 81.08108108108108, "percent_covered_display": "81", "missing_lines": 14, "excluded_lines": 0}, "missing_lines": [97, 153, 159, 160, 170, 171, 178, 179, 182, 183, 184, 185, 186, 188], "excluded_lines": [], "functions": {"SerializedWaiter.deserialize_requirements": {"executed_lines": [92, 98], "summary": {"covered_lines": 2, "num_statements": 3, "percent_covered": 66.66666666666667, "percent_covered_display": "67", "missing_lines": 1, "excluded_lines": 0}, "missing_lines": [97], "excluded_lines": []}, "SerializedContext.from_v0": {"executed_lines": [141, 144, 150, 152, 155, 158, 167, 168, 169, 195], "summary": {"covered_lines": 10, "num_statements": 23, "percent_covered": 43.47826086956522, "percent_covered_display": "43", "missing_lines": 13, "excluded_lines": 0}, "missing_lines": [153, 159, 160, 170, 171, 178, 179, 182, 183, 184, 185, 186, 188], "excluded_lines": []}, "SerializedContext.from_dict_auto": {"executed_lines": [206, 207, 210, 211], "summary": {"covered_lines": 4, "num_statements": 4, "percent_covered": 100.0, "percent_covered_display": "100", "missing_lines": 0, "excluded_lines": 0}, "missing_lines": [], "excluded_lines": []}, "": {"executed_lines": [1, 2, 4, 5, 6, 8, 10, 13, 14, 30, 35, 39, 43, 46, 50, 53, 56, 60, 63, 64, 67, 69, 71, 74, 75, 78, 80, 82, 84, 86, 88, 89, 90, 101, 102, 105, 107, 110, 112, 115, 116, 122, 125, 128, 132, 134, 135, 202, 203], "summary": {"covered_lines": 44, "num_statements": 44, "percent_covered": 100.0, "percent_covered_display": "100", "missing_lines": 0, "excluded_lines": 0}, "missing_lines": [], "excluded_lines": []}}, "classes": {"SerializedContextV0": {"executed_lines": [], "summary": {"covered_lines": 0, "num_statements": 0, "percent_covered": 100.0, "percent_covered_display": "100", "missing_lines": 0, "excluded_lines": 0}, "missing_lines": [], "excluded_lines": []}, "SerializedEventAttempt": {"executed_lines": [], "summary": {"covered_lines": 0, "num_statements": 0, "percent_covered": 100.0, "percent_covered_display": "100", "missing_lines": 0, "excluded_lines": 0}, "missing_lines": [], "excluded_lines": []}, "SerializedWaiter": {"executed_lines": [92, 98], "summary": {"covered_lines": 2, "num_statements": 3, "percent_covered": 66.66666666666667, "percent_covered_display": "67", "missing_lines": 1, "excluded_lines": 0}, "missing_lines": [97], "excluded_lines": []}, "SerializedStepWorkerState": {"executed_lines": [], "summary": {"covered_lines": 0, "num_statements": 0, "percent_covered": 100.0, "percent_covered_display": "100", "missing_lines": 0, "excluded_lines": 0}, "missing_lines": [], "excluded_lines": []}, "SerializedContext": {"executed_lines": [141, 144, 150, 152, 155, 158, 167, 168, 169, 195, 206, 207, 210, 211], "summary": {"covered_lines": 14, "num_statements": 27, "percent_covered": 51.851851851851855, "percent_covered_display": "52", "missing_lines": 13, "excluded_lines": 0}, "missing_lines": [153, 159, 160, 170, 171, 178, 179, 182, 183, 184, 185, 186, 188], "excluded_lines": []}, "": {"executed_lines": [1, 2, 4, 5, 6, 8, 10, 13, 14, 30, 35, 39, 43, 46, 50, 53, 56, 60, 63, 64, 67, 69, 71, 74, 75, 78, 80, 82, 84, 86, 88, 89, 90, 101, 102, 105, 107, 110, 112, 115, 116, 122, 125, 128, 132, 134, 135, 202, 203], "summary": {"covered_lines": 44, "num_statements": 44, "percent_covered": 100.0, "percent_covered_display": "100", "missing_lines": 0, "excluded_lines": 0}, "missing_lines": [], "excluded_lines": []}}}, "src/workflows/context/external_context.py": {"executed_lines": [1, 3, 5, 6, 8, 10, 11, 12, 13, 14, 15, 22, 24, 29, 32, 33, 39, 40, 41, 42, 44, 50, 51, 52, 53, 55, 56, 58, 60, 62, 63, 65, 66, 67, 72, 73, 75, 76, 78, 80, 81, 82, 86, 88, 89, 91, 93, 94, 95, 96, 97, 99, 101, 102, 104, 110, 117, 118, 119, 123, 125, 134, 136, 138, 140, 143, 144, 145, 146, 149, 151, 152, 153, 155, 159, 166, 168, 170, 171], "summary": {"covered_lines": 76, "num_statements": 88, "percent_covered": 86.36363636363636, "percent_covered_display": "86", "missing_lines": 12, "excluded_lines": 4}, "missing_lines": [68, 70, 83, 112, 113, 120, 127, 128, 129, 132, 157, 169], "excluded_lines": [24, 25, 26, 27], "functions": {"ExternalContext.__init__": {"executed_lines": [50, 51, 52, 53], "summary": {"covered_lines": 4, "num_statements": 4, "percent_covered": 100.0, "percent_covered_display": "100", "missing_lines": 0, "excluded_lines": 0}, "missing_lines": [], "excluded_lines": []}, "ExternalContext.is_running": {"executed_lines": [58], "summary": {"covered_lines": 1, "num_statements": 1, "percent_covered": 100.0, "percent_covered_display": "100", "missing_lines": 0, "excluded_lines": 0}, "missing_lines": [], "excluded_lines": []}, "ExternalContext._execute_task": {"executed_lines": [62, 63, 65, 72, 73], "summary": {"covered_lines": 5, "num_statements": 5, "percent_covered": 100.0, "percent_covered_display": "100", "missing_lines": 0, "excluded_lines": 0}, "missing_lines": [], "excluded_lines": []}, "ExternalContext._execute_task._remove_task": {"executed_lines": [66, 67], "summary": {"covered_lines": 2, "num_statements": 4, "percent_covered": 50.0, "percent_covered_display": "50", "missing_lines": 2, "excluded_lines": 0}, "missing_lines": [68, 70], "excluded_lines": []}, "ExternalContext._tick_log": {"executed_lines": [78], "summary": {"covered_lines": 1, "num_statements": 1, "percent_covered": 100.0, "percent_covered_display": "100", "missing_lines": 0, "excluded_lines": 0}, "missing_lines": [], "excluded_lines": []}, "ExternalContext._require_snapshottable": {"executed_lines": [81, 82, 86], "summary": {"covered_lines": 3, "num_statements": 4, "percent_covered": 75.0, "percent_covered_display": "75", "missing_lines": 1, "excluded_lines": 0}, "missing_lines": [83], "excluded_lines": []}, "ExternalContext._state": {"executed_lines": [91, 93, 94, 95, 96, 97], "summary": {"covered_lines": 6, "num_statements": 6, "percent_covered": 100.0, "percent_covered_display": "100", "missing_lines": 0, "excluded_lines": 0}, "missing_lines": [], "excluded_lines": []}, "ExternalContext.send_event": {"executed_lines": [101, 102, 104], "summary": {"covered_lines": 3, "num_statements": 3, "percent_covered": 100.0, "percent_covered_display": "100", "missing_lines": 0, "excluded_lines": 0}, "missing_lines": [], "excluded_lines": []}, "ExternalContext.running_steps": {"executed_lines": [], "summary": {"covered_lines": 0, "num_statements": 2, "percent_covered": 0.0, "percent_covered_display": "0", "missing_lines": 2, "excluded_lines": 0}, "missing_lines": [112, 113], "excluded_lines": []}, "ExternalContext._require_v2_runtime_compatibility": {"executed_lines": [118, 119, 123], "summary": {"covered_lines": 3, "num_statements": 4, "percent_covered": 75.0, "percent_covered_display": "75", "missing_lines": 1, "excluded_lines": 0}, "missing_lines": [120], "excluded_lines": []}, "ExternalContext.get_result": {"executed_lines": [], "summary": {"covered_lines": 0, "num_statements": 4, "percent_covered": 0.0, "percent_covered_display": "0", "missing_lines": 4, "excluded_lines": 0}, "missing_lines": [127, 128, 129, 132], "excluded_lines": []}, "ExternalContext.stream_events": {"executed_lines": [136], "summary": {"covered_lines": 1, "num_statements": 1, "percent_covered": 100.0, "percent_covered_display": "100", "missing_lines": 0, "excluded_lines": 0}, "missing_lines": [], "excluded_lines": []}, "ExternalContext.to_dict": {"executed_lines": [140, 143, 144, 145, 146, 149, 151, 152, 153], "summary": {"covered_lines": 9, "num_statements": 9, "percent_covered": 100.0, "percent_covered_display": "100", "missing_lines": 0, "excluded_lines": 0}, "missing_lines": [], "excluded_lines": []}, "ExternalContext.cancel": {"executed_lines": [], "summary": {"covered_lines": 0, "num_statements": 1, "percent_covered": 0.0, "percent_covered_display": "0", "missing_lines": 1, "excluded_lines": 0}, "missing_lines": [157], "excluded_lines": []}, "ExternalContext.shutdown": {"executed_lines": [166, 168, 170, 171], "summary": {"covered_lines": 4, "num_statements": 5, "percent_covered": 80.0, "percent_covered_display": "80", "missing_lines": 1, "excluded_lines": 0}, "missing_lines": [169], "excluded_lines": []}, "": {"executed_lines": [1, 3, 5, 6, 8, 10, 11, 12, 13, 14, 15, 22, 24, 29, 32, 33, 39, 40, 41, 42, 44, 55, 56, 60, 75, 76, 80, 88, 89, 99, 110, 117, 125, 134, 138, 155, 159], "summary": {"covered_lines": 34, "num_statements": 34, "percent_covered": 100.0, "percent_covered_display": "100", "missing_lines": 0, "excluded_lines": 4}, "missing_lines": [], "excluded_lines": [24, 25, 26, 27]}}, "classes": {"ExternalContext": {"executed_lines": [50, 51, 52, 53, 58, 62, 63, 65, 66, 67, 72, 73, 78, 81, 82, 86, 91, 93, 94, 95, 96, 97, 101, 102, 104, 118, 119, 123, 136, 140, 143, 144, 145, 146, 149, 151, 152, 153, 166, 168, 170, 171], "summary": {"covered_lines": 42, "num_statements": 54, "percent_covered": 77.77777777777777, "percent_covered_display": "78", "missing_lines": 12, "excluded_lines": 0}, "missing_lines": [68, 70, 83, 112, 113, 120, 127, 128, 129, 132, 157, 169], "excluded_lines": []}, "": {"executed_lines": [1, 3, 5, 6, 8, 10, 11, 12, 13, 14, 15, 22, 24, 29, 32, 33, 39, 40, 41, 42, 44, 55, 56, 60, 75, 76, 80, 88, 89, 99, 110, 117, 125, 134, 138, 155, 159], "summary": {"covered_lines": 34, "num_statements": 34, "percent_covered": 100.0, "percent_covered_display": "100", "missing_lines": 0, "excluded_lines": 4}, "missing_lines": [], "excluded_lines": [24, 25, 26, 27]}}}, "src/workflows/context/internal_context.py": {"executed_lines": [1, 3, 5, 6, 7, 8, 10, 11, 12, 13, 22, 24, 29, 31, 34, 35, 41, 42, 43, 45, 50, 51, 52, 54, 56, 57, 59, 60, 61, 66, 67, 68, 74, 75, 77, 79, 81, 83, 84, 86, 87, 93, 94, 96, 97, 99, 101, 108, 111, 112, 114, 115, 117, 121, 122, 123, 126, 128, 129, 130, 131, 133, 134, 136, 137, 139, 141, 142, 144, 150, 159, 161, 162, 165, 166, 167, 169, 170, 171, 181, 182, 184, 186, 187], "summary": {"covered_lines": 81, "num_statements": 88, "percent_covered": 92.04545454545455, "percent_covered_display": "92", "missing_lines": 7, "excluded_lines": 4}, "missing_lines": [62, 64, 69, 80, 88, 89, 98], "excluded_lines": [24, 25, 26, 27], "functions": {"InternalContext.__init__": {"executed_lines": [50, 51, 52], "summary": {"covered_lines": 3, "num_statements": 3, "percent_covered": 100.0, "percent_covered_display": "100", "missing_lines": 0, "excluded_lines": 0}, "missing_lines": [], "excluded_lines": []}, "InternalContext._execute_task": {"executed_lines": [56, 57, 59, 74, 75], "summary": {"covered_lines": 5, "num_statements": 5, "percent_covered": 100.0, "percent_covered_display": "100", "missing_lines": 0, "excluded_lines": 0}, "missing_lines": [], "excluded_lines": []}, "InternalContext._execute_task._on_done": {"executed_lines": [60, 61, 66, 67, 68], "summary": {"covered_lines": 5, "num_statements": 8, "percent_covered": 62.5, "percent_covered_display": "62", "missing_lines": 3, "excluded_lines": 0}, "missing_lines": [62, 64, 69], "excluded_lines": []}, "InternalContext.cancel_background_tasks": {"executed_lines": [79, 81], "summary": {"covered_lines": 2, "num_statements": 3, "percent_covered": 66.66666666666667, "percent_covered_display": "67", "missing_lines": 1, "excluded_lines": 0}, "missing_lines": [80], "excluded_lines": []}, "InternalContext._get_step_ctx": {"executed_lines": [86, 87], "summary": {"covered_lines": 2, "num_statements": 4, "percent_covered": 50.0, "percent_covered_display": "50", "missing_lines": 2, "excluded_lines": 0}, "missing_lines": [88, 89], "excluded_lines": []}, "InternalContext.store": {"executed_lines": [96, 97, 99], "summary": {"covered_lines": 3, "num_statements": 4, "percent_covered": 75.0, "percent_covered_display": "75", "missing_lines": 1, "excluded_lines": 0}, "missing_lines": [98], "excluded_lines": []}, "InternalContext.collect_events": {"executed_lines": [108, 111, 112, 114, 115, 117, 121, 122, 123, 126, 128, 129, 130, 131, 133, 134, 136, 137], "summary": {"covered_lines": 18, "num_statements": 18, "percent_covered": 100.0, "percent_covered_display": "100", "missing_lines": 0, "excluded_lines": 0}, "missing_lines": [], "excluded_lines": []}, "InternalContext.send_event": {"executed_lines": [141, 142, 144], "summary": {"covered_lines": 3, "num_statements": 3, "percent_covered": 100.0, "percent_covered_display": "100", "missing_lines": 0, "excluded_lines": 0}, "missing_lines": [], "excluded_lines": []}, "InternalContext.wait_for_event": {"executed_lines": [159, 161, 162, 165, 166, 167, 169, 170, 171, 181, 182], "summary": {"covered_lines": 11, "num_statements": 11, "percent_covered": 100.0, "percent_covered_display": "100", "missing_lines": 0, "excluded_lines": 0}, "missing_lines": [], "excluded_lines": []}, "InternalContext.write_event_to_stream": {"executed_lines": [186, 187], "summary": {"covered_lines": 2, "num_statements": 2, "percent_covered": 100.0, "percent_covered_display": "100", "missing_lines": 0, "excluded_lines": 0}, "missing_lines": [], "excluded_lines": []}, "": {"executed_lines": [1, 3, 5, 6, 7, 8, 10, 11, 12, 13, 22, 24, 29, 31, 34, 35, 41, 42, 43, 45, 54, 77, 83, 84, 93, 94, 101, 139, 150, 184], "summary": {"covered_lines": 27, "num_statements": 27, "percent_covered": 100.0, "percent_covered_display": "100", "missing_lines": 0, "excluded_lines": 4}, "missing_lines": [], "excluded_lines": [24, 25, 26, 27]}}, "classes": {"InternalContext": {"executed_lines": [50, 51, 52, 56, 57, 59, 60, 61, 66, 67, 68, 74, 75, 79, 81, 86, 87, 96, 97, 99, 108, 111, 112, 114, 115, 117, 121, 122, 123, 126, 128, 129, 130, 131, 133, 134, 136, 137, 141, 142, 144, 159, 161, 162, 165, 166, 167, 169, 170, 171, 181, 182, 186, 187], "summary": {"covered_lines": 54, "num_statements": 61, "percent_covered": 88.52459016393442, "percent_covered_display": "89", "missing_lines": 7, "excluded_lines": 0}, "missing_lines": [62, 64, 69, 80, 88, 89, 98], "excluded_lines": []}, "": {"executed_lines": [1, 3, 5, 6, 7, 8, 10, 11, 12, 13, 22, 24, 29, 31, 34, 35, 41, 42, 43, 45, 54, 77, 83, 84, 93, 94, 101, 139, 150, 184], "summary": {"covered_lines": 27, "num_statements": 27, "percent_covered": 100.0, "percent_covered_display": "100", "missing_lines": 0, "excluded_lines": 4}, "missing_lines": [], "excluded_lines": [24, 25, 26, 27]}}}, "src/workflows/context/pre_context.py": {"executed_lines": [1, 3, 5, 7, 9, 10, 11, 12, 14, 18, 19, 25, 26, 28, 34, 37, 38, 40, 44, 47, 48, 52, 54, 56, 57, 63, 65, 66, 68, 70, 71, 73], "summary": {"covered_lines": 29, "num_statements": 29, "percent_covered": 100.0, "percent_covered_display": "100", "missing_lines": 0, "excluded_lines": 2}, "missing_lines": [], "excluded_lines": [14, 15], "functions": {"PreContext.__init__": {"executed_lines": [34, 37, 38, 40, 44, 47, 48, 52, 54], "summary": {"covered_lines": 9, "num_statements": 9, "percent_covered": 100.0, "percent_covered_display": "100", "missing_lines": 0, "excluded_lines": 0}, "missing_lines": [], "excluded_lines": []}, "PreContext.is_running": {"executed_lines": [63], "summary": {"covered_lines": 1, "num_statements": 1, "percent_covered": 100.0, "percent_covered_display": "100", "missing_lines": 0, "excluded_lines": 0}, "missing_lines": [], "excluded_lines": []}, "PreContext.init_snapshot": {"executed_lines": [68], "summary": {"covered_lines": 1, "num_statements": 1, "percent_covered": 100.0, "percent_covered_display": "100", "missing_lines": 0, "excluded_lines": 0}, "missing_lines": [], "excluded_lines": []}, "PreContext.serializer": {"executed_lines": [73], "summary": {"covered_lines": 1, "num_statements": 1, "percent_covered": 100.0, "percent_covered_display": "100", "missing_lines": 0, "excluded_lines": 0}, "missing_lines": [], "excluded_lines": []}, "": {"executed_lines": [1, 3, 5, 7, 9, 10, 11, 12, 14, 18, 19, 25, 26, 28, 56, 57, 65, 66, 70, 71], "summary": {"covered_lines": 17, "num_statements": 17, "percent_covered": 100.0, "percent_covered_display": "100", "missing_lines": 0, "excluded_lines": 2}, "missing_lines": [], "excluded_lines": [14, 15]}}, "classes": {"PreContext": {"executed_lines": [34, 37, 38, 40, 44, 47, 48, 52, 54, 63, 68, 73], "summary": {"covered_lines": 12, "num_statements": 12, "percent_covered": 100.0, "percent_covered_display": "100", "missing_lines": 0, "excluded_lines": 0}, "missing_lines": [], "excluded_lines": []}, "": {"executed_lines": [1, 3, 5, 7, 9, 10, 11, 12, 14, 18, 19, 25, 26, 28, 56, 57, 65, 66, 70, 71], "summary": {"covered_lines": 17, "num_statements": 17, "percent_covered": 100.0, "percent_covered_display": "100", "missing_lines": 0, "excluded_lines": 2}, "missing_lines": [], "excluded_lines": [14, 15]}}}, "src/workflows/context/serializers.py": {"executed_lines": [4, 6, 7, 8, 9, 10, 12, 14, 17, 18, 29, 30, 32, 33, 36, 37, 63, 75, 83, 84, 90, 93, 94, 96, 98, 110, 111, 112, 113, 114, 116, 125, 126, 127, 128, 129, 132, 133, 134, 135, 137, 146, 147, 150, 151, 176, 185, 186, 187, 188, 190, 202, 203, 204, 205, 208], "summary": {"covered_lines": 49, "num_statements": 54, "percent_covered": 90.74074074074075, "percent_covered_display": "91", "missing_lines": 5, "excluded_lines": 7}, "missing_lines": [76, 81, 91, 130, 131], "excluded_lines": [29, 30, 31, 32, 33, 34, 35], "functions": {"BaseSerializer.serialize": {"executed_lines": [30], "summary": {"covered_lines": 0, "num_statements": 0, "percent_covered": 100.0, "percent_covered_display": "100", "missing_lines": 0, "excluded_lines": 1}, "missing_lines": [], "excluded_lines": [30]}, "BaseSerializer.deserialize": {"executed_lines": [33], "summary": {"covered_lines": 0, "num_statements": 0, "percent_covered": 100.0, "percent_covered_display": "100", "missing_lines": 0, "excluded_lines": 1}, "missing_lines": [], "excluded_lines": [33]}, "JsonSerializer.serialize_value": {"executed_lines": [75, 83, 84, 90, 93, 94, 96], "summary": {"covered_lines": 7, "num_statements": 10, "percent_covered": 70.0, "percent_covered_display": "70", "missing_lines": 3, "excluded_lines": 0}, "missing_lines": [76, 81, 91], "excluded_lines": []}, "JsonSerializer.serialize": {"executed_lines": [110, 111, 112, 113, 114], "summary": {"covered_lines": 5, "num_statements": 5, "percent_covered": 100.0, "percent_covered_display": "100", "missing_lines": 0, "excluded_lines": 0}, "missing_lines": [], "excluded_lines": []}, "JsonSerializer.deserialize_value": {"executed_lines": [125, 126, 127, 128, 129, 132, 133, 134, 135], "summary": {"covered_lines": 9, "num_statements": 11, "percent_covered": 81.81818181818181, "percent_covered_display": "82", "missing_lines": 2, "excluded_lines": 0}, "missing_lines": [130, 131], "excluded_lines": []}, "JsonSerializer.deserialize": {"executed_lines": [146, 147], "summary": {"covered_lines": 2, "num_statements": 2, "percent_covered": 100.0, "percent_covered_display": "100", "missing_lines": 0, "excluded_lines": 0}, "missing_lines": [], "excluded_lines": []}, "PickleSerializer.serialize": {"executed_lines": [185, 186, 187, 188], "summary": {"covered_lines": 4, "num_statements": 4, "percent_covered": 100.0, "percent_covered_display": "100", "missing_lines": 0, "excluded_lines": 0}, "missing_lines": [], "excluded_lines": []}, "PickleSerializer.deserialize": {"executed_lines": [202, 203, 204, 205], "summary": {"covered_lines": 4, "num_statements": 4, "percent_covered": 100.0, "percent_covered_display": "100", "missing_lines": 0, "excluded_lines": 0}, "missing_lines": [], "excluded_lines": []}, "": {"executed_lines": [4, 6, 7, 8, 9, 10, 12, 14, 17, 18, 29, 32, 36, 37, 63, 98, 116, 137, 150, 151, 176, 190, 208], "summary": {"covered_lines": 18, "num_statements": 18, "percent_covered": 100.0, "percent_covered_display": "100", "missing_lines": 0, "excluded_lines": 5}, "missing_lines": [], "excluded_lines": [29, 31, 32, 34, 35]}}, "classes": {"BaseSerializer": {"executed_lines": [30, 33], "summary": {"covered_lines": 0, "num_statements": 0, "percent_covered": 100.0, "percent_covered_display": "100", "missing_lines": 0, "excluded_lines": 2}, "missing_lines": [], "excluded_lines": [30, 33]}, "JsonSerializer": {"executed_lines": [75, 83, 84, 90, 93, 94, 96, 110, 111, 112, 113, 114, 125, 126, 127, 128, 129, 132, 133, 134, 135, 146, 147], "summary": {"covered_lines": 23, "num_statements": 28, "percent_covered": 82.14285714285714, "percent_covered_display": "82", "missing_lines": 5, "excluded_lines": 0}, "missing_lines": [76, 81, 91, 130, 131], "excluded_lines": []}, "PickleSerializer": {"executed_lines": [185, 186, 187, 188, 202, 203, 204, 205], "summary": {"covered_lines": 8, "num_statements": 8, "percent_covered": 100.0, "percent_covered_display": "100", "missing_lines": 0, "excluded_lines": 0}, "missing_lines": [], "excluded_lines": []}, "": {"executed_lines": [4, 6, 7, 8, 9, 10, 12, 14, 17, 18, 29, 32, 36, 37, 63, 98, 116, 137, 150, 151, 176, 190, 208], "summary": {"covered_lines": 18, "num_statements": 18, "percent_covered": 100.0, "percent_covered_display": "100", "missing_lines": 0, "excluded_lines": 5}, "missing_lines": [], "excluded_lines": [29, 31, 32, 34, 35]}}}, "src/workflows/context/state_store.py": {"executed_lines": [1, 2, 3, 4, 5, 7, 8, 10, 12, 14, 17, 21, 22, 25, 28, 29, 48, 49, 53, 56, 57, 100, 102, 104, 105, 106, 108, 109, 115, 117, 123, 125, 134, 137, 138, 140, 156, 157, 158, 159, 160, 161, 162, 169, 173, 180, 182, 188, 189, 202, 206, 207, 210, 212, 213, 214, 215, 216, 222, 224, 226, 228, 229, 238, 239, 241, 243, 245, 263, 264, 267, 268, 269, 270, 271, 272, 273, 274, 276, 277, 279, 281, 294, 297, 298, 301, 302, 305, 306, 307, 315, 317, 324, 325, 329, 331, 332, 335, 336, 338, 339, 342, 344, 346, 347, 348, 351, 352, 355, 356, 359, 362, 377, 379, 380, 381, 382, 387, 389, 396], "summary": {"covered_lines": 117, "num_statements": 136, "percent_covered": 86.02941176470588, "percent_covered_display": "86", "missing_lines": 19, "excluded_lines": 2}, "missing_lines": [135, 163, 168, 204, 217, 218, 265, 295, 299, 308, 310, 311, 312, 326, 327, 337, 353, 354, 390], "excluded_lines": [14, 15], "functions": {"DictState.__init__": {"executed_lines": [49], "summary": {"covered_lines": 1, "num_statements": 1, "percent_covered": 100.0, "percent_covered_display": "100", "missing_lines": 0, "excluded_lines": 0}, "missing_lines": [], "excluded_lines": []}, "InMemoryStateStore.__init__": {"executed_lines": [105, 106], "summary": {"covered_lines": 2, "num_statements": 2, "percent_covered": 100.0, "percent_covered_display": "100", "missing_lines": 0, "excluded_lines": 0}, "missing_lines": [], "excluded_lines": []}, "InMemoryStateStore._lock": {"executed_lines": [115], "summary": {"covered_lines": 1, "num_statements": 1, "percent_covered": 100.0, "percent_covered_display": "100", "missing_lines": 0, "excluded_lines": 0}, "missing_lines": [], "excluded_lines": []}, "InMemoryStateStore.get_state": {"executed_lines": [123], "summary": {"covered_lines": 1, "num_statements": 1, "percent_covered": 100.0, "percent_covered_display": "100", "missing_lines": 0, "excluded_lines": 0}, "missing_lines": [], "excluded_lines": []}, "InMemoryStateStore.set_state": {"executed_lines": [134, 137, 138], "summary": {"covered_lines": 3, "num_statements": 4, "percent_covered": 75.0, "percent_covered_display": "75", "missing_lines": 1, "excluded_lines": 0}, "missing_lines": [135], "excluded_lines": []}, "InMemoryStateStore.to_dict": {"executed_lines": [156, 157, 158, 159, 160, 161, 162, 169, 173, 180, 182], "summary": {"covered_lines": 11, "num_statements": 13, "percent_covered": 84.61538461538461, "percent_covered_display": "85", "missing_lines": 2, "excluded_lines": 0}, "missing_lines": [163, 168], "excluded_lines": []}, "InMemoryStateStore.from_dict": {"executed_lines": [202, 206, 207, 210, 212, 213, 214, 215, 216, 222, 224, 226], "summary": {"covered_lines": 12, "num_statements": 15, "percent_covered": 80.0, "percent_covered_display": "80", "missing_lines": 3, "excluded_lines": 0}, "missing_lines": [204, 217, 218], "excluded_lines": []}, "InMemoryStateStore.edit_state": {"executed_lines": [238, 239, 241, 243], "summary": {"covered_lines": 4, "num_statements": 4, "percent_covered": 100.0, "percent_covered_display": "100", "missing_lines": 0, "excluded_lines": 0}, "missing_lines": [], "excluded_lines": []}, "InMemoryStateStore.get": {"executed_lines": [263, 264, 267, 268, 269, 270, 271, 272, 273, 274, 276, 277, 279], "summary": {"covered_lines": 13, "num_statements": 14, "percent_covered": 92.85714285714286, "percent_covered_display": "93", "missing_lines": 1, "excluded_lines": 0}, "missing_lines": [265], "excluded_lines": []}, "InMemoryStateStore.set": {"executed_lines": [294, 297, 298, 301, 302, 305, 306, 307, 315], "summary": {"covered_lines": 9, "num_statements": 15, "percent_covered": 60.0, "percent_covered_display": "60", "missing_lines": 6, "excluded_lines": 0}, "missing_lines": [295, 299, 308, 310, 311, 312], "excluded_lines": []}, "InMemoryStateStore.clear": {"executed_lines": [324, 325], "summary": {"covered_lines": 2, "num_statements": 4, "percent_covered": 50.0, "percent_covered_display": "50", "missing_lines": 2, "excluded_lines": 0}, "missing_lines": [326, 327], "excluded_lines": []}, "InMemoryStateStore._traverse_step": {"executed_lines": [331, 332, 335, 336, 338, 339, 342], "summary": {"covered_lines": 7, "num_statements": 8, "percent_covered": 87.5, "percent_covered_display": "88", "missing_lines": 1, "excluded_lines": 0}, "missing_lines": [337], "excluded_lines": []}, "InMemoryStateStore._assign_step": {"executed_lines": [346, 347, 348, 351, 352, 355, 356, 359], "summary": {"covered_lines": 8, "num_statements": 10, "percent_covered": 80.0, "percent_covered_display": "80", "missing_lines": 2, "excluded_lines": 0}, "missing_lines": [353, 354], "excluded_lines": []}, "infer_state_type": {"executed_lines": [377, 379, 380, 381, 382, 387, 389, 396], "summary": {"covered_lines": 8, "num_statements": 9, "percent_covered": 88.88888888888889, "percent_covered_display": "89", "missing_lines": 1, "excluded_lines": 0}, "missing_lines": [390], "excluded_lines": []}, "": {"executed_lines": [1, 2, 3, 4, 5, 7, 8, 10, 12, 14, 17, 21, 22, 25, 28, 29, 48, 53, 56, 57, 100, 102, 104, 108, 109, 117, 125, 140, 188, 189, 228, 229, 245, 281, 317, 329, 344, 362], "summary": {"covered_lines": 35, "num_statements": 35, "percent_covered": 100.0, "percent_covered_display": "100", "missing_lines": 0, "excluded_lines": 2}, "missing_lines": [], "excluded_lines": [14, 15]}}, "classes": {"UnserializableKeyWarning": {"executed_lines": [], "summary": {"covered_lines": 0, "num_statements": 0, "percent_covered": 100.0, "percent_covered_display": "100", "missing_lines": 0, "excluded_lines": 0}, "missing_lines": [], "excluded_lines": []}, "DictState": {"executed_lines": [49], "summary": {"covered_lines": 1, "num_statements": 1, "percent_covered": 100.0, "percent_covered_display": "100", "missing_lines": 0, "excluded_lines": 0}, "missing_lines": [], "excluded_lines": []}, "InMemoryStateStore": {"executed_lines": [105, 106, 115, 123, 134, 137, 138, 156, 157, 158, 159, 160, 161, 162, 169, 173, 180, 182, 202, 206, 207, 210, 212, 213, 214, 215, 216, 222, 224, 226, 238, 239, 241, 243, 263, 264, 267, 268, 269, 270, 271, 272, 273, 274, 276, 277, 279, 294, 297, 298, 301, 302, 305, 306, 307, 315, 324, 325, 331, 332, 335, 336, 338, 339, 342, 346, 347, 348, 351, 352, 355, 356, 359], "summary": {"covered_lines": 73, "num_statements": 91, "percent_covered": 80.21978021978022, "percent_covered_display": "80", "missing_lines": 18, "excluded_lines": 0}, "missing_lines": [135, 163, 168, 204, 217, 218, 265, 295, 299, 308, 310, 311, 312, 326, 327, 337, 353, 354], "excluded_lines": []}, "": {"executed_lines": [1, 2, 3, 4, 5, 7, 8, 10, 12, 14, 17, 21, 22, 25, 28, 29, 48, 53, 56, 57, 100, 102, 104, 108, 109, 117, 125, 140, 188, 189, 228, 229, 245, 281, 317, 329, 344, 362, 377, 379, 380, 381, 382, 387, 389, 396], "summary": {"covered_lines": 43, "num_statements": 44, "percent_covered": 97.72727272727273, "percent_covered_display": "98", "missing_lines": 1, "excluded_lines": 2}, "missing_lines": [390], "excluded_lines": [14, 15]}}}, "src/workflows/context/utils.py": {"executed_lines": [4, 6, 7, 12, 26, 27, 28, 29, 32, 48, 49, 51, 52, 53, 54, 55, 56, 57, 58], "summary": {"covered_lines": 19, "num_statements": 19, "percent_covered": 100.0, "percent_covered_display": "100", "missing_lines": 0, "excluded_lines": 0}, "missing_lines": [], "excluded_lines": [], "functions": {"get_qualified_name": {"executed_lines": [26, 27, 28, 29], "summary": {"covered_lines": 4, "num_statements": 4, "percent_covered": 100.0, "percent_covered_display": "100", "missing_lines": 0, "excluded_lines": 0}, "missing_lines": [], "excluded_lines": []}, "import_module_from_qualified_name": {"executed_lines": [48, 49, 51, 52, 53, 54, 55, 56, 57, 58], "summary": {"covered_lines": 10, "num_statements": 10, "percent_covered": 100.0, "percent_covered_display": "100", "missing_lines": 0, "excluded_lines": 0}, "missing_lines": [], "excluded_lines": []}, "": {"executed_lines": [4, 6, 7, 12, 32], "summary": {"covered_lines": 5, "num_statements": 5, "percent_covered": 100.0, "percent_covered_display": "100", "missing_lines": 0, "excluded_lines": 0}, "missing_lines": [], "excluded_lines": []}}, "classes": {"": {"executed_lines": [4, 6, 7, 12, 26, 27, 28, 29, 32, 48, 49, 51, 52, 53, 54, 55, 56, 57, 58], "summary": {"covered_lines": 19, "num_statements": 19, "percent_covered": 100.0, "percent_covered_display": "100", "missing_lines": 0, "excluded_lines": 0}, "missing_lines": [], "excluded_lines": []}}}, "src/workflows/decorators.py": {"executed_lines": [4, 6, 7, 19, 20, 24, 26, 27, 28, 34, 36, 39, 40, 42, 43, 44, 45, 46, 47, 48, 49, 52, 53, 54, 57, 58, 60, 62, 63, 65, 68, 69, 72, 73, 81, 132, 133, 134, 138, 141, 142, 143, 144, 145, 147, 149, 151, 152, 155, 159, 160, 162, 164, 165, 176], "summary": {"covered_lines": 48, "num_statements": 49, "percent_covered": 97.95918367346938, "percent_covered_display": "98", "missing_lines": 1, "excluded_lines": 20}, "missing_lines": [22], "excluded_lines": [34, 35, 64, 65, 66, 67, 68, 69, 70, 71, 72, 73, 74, 75, 76, 77, 78, 79, 80, 88], "functions": {"StepFunction.__call__": {"executed_lines": [65], "summary": {"covered_lines": 0, "num_statements": 0, "percent_covered": 100.0, "percent_covered_display": "100", "missing_lines": 0, "excluded_lines": 1}, "missing_lines": [], "excluded_lines": [65]}, "step": {"executed_lines": [132, 149, 151, 152], "summary": {"covered_lines": 4, "num_statements": 4, "percent_covered": 100.0, "percent_covered_display": "100", "missing_lines": 0, "excluded_lines": 1}, "missing_lines": [], "excluded_lines": [88]}, "step.decorator": {"executed_lines": [133, 134, 138, 141, 142, 143, 144, 145, 147], "summary": {"covered_lines": 9, "num_statements": 9, "percent_covered": 100.0, "percent_covered_display": "100", "missing_lines": 0, "excluded_lines": 0}, "missing_lines": [], "excluded_lines": []}, "make_step_function": {"executed_lines": [159, 160, 162, 164, 165, 176], "summary": {"covered_lines": 6, "num_statements": 6, "percent_covered": 100.0, "percent_covered_display": "100", "missing_lines": 0, "excluded_lines": 0}, "missing_lines": [], "excluded_lines": []}, "": {"executed_lines": [4, 6, 7, 19, 20, 24, 26, 27, 28, 34, 36, 39, 40, 42, 43, 44, 45, 46, 47, 48, 49, 52, 53, 54, 57, 58, 60, 62, 63, 68, 72, 73, 81, 155], "summary": {"covered_lines": 29, "num_statements": 30, "percent_covered": 96.66666666666667, "percent_covered_display": "97", "missing_lines": 1, "excluded_lines": 16}, "missing_lines": [22], "excluded_lines": [34, 35, 64, 66, 67, 68, 70, 71, 72, 73, 74, 75, 76, 77, 79, 80]}}, "classes": {"StepConfig": {"executed_lines": [], "summary": {"covered_lines": 0, "num_statements": 0, "percent_covered": 100.0, "percent_covered_display": "100", "missing_lines": 0, "excluded_lines": 0}, "missing_lines": [], "excluded_lines": []}, "StepFunction": {"executed_lines": [65], "summary": {"covered_lines": 0, "num_statements": 0, "percent_covered": 100.0, "percent_covered_display": "100", "missing_lines": 0, "excluded_lines": 1}, "missing_lines": [], "excluded_lines": [65]}, "": {"executed_lines": [4, 6, 7, 19, 20, 24, 26, 27, 28, 34, 36, 39, 40, 42, 43, 44, 45, 46, 47, 48, 49, 52, 53, 54, 57, 58, 60, 62, 63, 68, 69, 72, 73, 81, 132, 133, 134, 138, 141, 142, 143, 144, 145, 147, 149, 151, 152, 155, 159, 160, 162, 164, 165, 176], "summary": {"covered_lines": 48, "num_statements": 49, "percent_covered": 97.95918367346938, "percent_covered_display": "98", "missing_lines": 1, "excluded_lines": 19}, "missing_lines": [22], "excluded_lines": [34, 35, 64, 66, 67, 68, 69, 70, 71, 72, 73, 74, 75, 76, 77, 78, 79, 80, 88]}}}, "src/workflows/errors.py": {"executed_lines": [5, 6, 9, 10, 13, 14, 17, 18, 21, 22, 25, 26, 29, 30, 33, 34, 37, 38], "summary": {"covered_lines": 9, "num_statements": 9, "percent_covered": 100.0, "percent_covered_display": "100", "missing_lines": 0, "excluded_lines": 0}, "missing_lines": [], "excluded_lines": [], "functions": {"": {"executed_lines": [5, 6, 9, 10, 13, 14, 17, 18, 21, 22, 25, 26, 29, 30, 33, 34, 37, 38], "summary": {"covered_lines": 9, "num_statements": 9, "percent_covered": 100.0, "percent_covered_display": "100", "missing_lines": 0, "excluded_lines": 0}, "missing_lines": [], "excluded_lines": []}}, "classes": {"WorkflowValidationError": {"executed_lines": [], "summary": {"covered_lines": 0, "num_statements": 0, "percent_covered": 100.0, "percent_covered_display": "100", "missing_lines": 0, "excluded_lines": 0}, "missing_lines": [], "excluded_lines": []}, "WorkflowTimeoutError": {"executed_lines": [], "summary": {"covered_lines": 0, "num_statements": 0, "percent_covered": 100.0, "percent_covered_display": "100", "missing_lines": 0, "excluded_lines": 0}, "missing_lines": [], "excluded_lines": []}, "WorkflowRuntimeError": {"executed_lines": [], "summary": {"covered_lines": 0, "num_statements": 0, "percent_covered": 100.0, "percent_covered_display": "100", "missing_lines": 0, "excluded_lines": 0}, "missing_lines": [], "excluded_lines": []}, "WorkflowDone": {"executed_lines": [], "summary": {"covered_lines": 0, "num_statements": 0, "percent_covered": 100.0, "percent_covered_display": "100", "missing_lines": 0, "excluded_lines": 0}, "missing_lines": [], "excluded_lines": []}, "WorkflowCancelledByUser": {"executed_lines": [], "summary": {"covered_lines": 0, "num_statements": 0, "percent_covered": 100.0, "percent_covered_display": "100", "missing_lines": 0, "excluded_lines": 0}, "missing_lines": [], "excluded_lines": []}, "WorkflowStepDoesNotExistError": {"executed_lines": [], "summary": {"covered_lines": 0, "num_statements": 0, "percent_covered": 100.0, "percent_covered_display": "100", "missing_lines": 0, "excluded_lines": 0}, "missing_lines": [], "excluded_lines": []}, "WorkflowConfigurationError": {"executed_lines": [], "summary": {"covered_lines": 0, "num_statements": 0, "percent_covered": 100.0, "percent_covered_display": "100", "missing_lines": 0, "excluded_lines": 0}, "missing_lines": [], "excluded_lines": []}, "ContextSerdeError": {"executed_lines": [], "summary": {"covered_lines": 0, "num_statements": 0, "percent_covered": 100.0, "percent_covered_display": "100", "missing_lines": 0, "excluded_lines": 0}, "missing_lines": [], "excluded_lines": []}, "ContextStateError": {"executed_lines": [], "summary": {"covered_lines": 0, "num_statements": 0, "percent_covered": 100.0, "percent_covered_display": "100", "missing_lines": 0, "excluded_lines": 0}, "missing_lines": [], "excluded_lines": []}, "": {"executed_lines": [5, 6, 9, 10, 13, 14, 17, 18, 21, 22, 25, 26, 29, 30, 33, 34, 37, 38], "summary": {"covered_lines": 9, "num_statements": 9, "percent_covered": 100.0, "percent_covered_display": "100", "missing_lines": 0, "excluded_lines": 0}, "missing_lines": [], "excluded_lines": []}}}, "src/workflows/events.py": {"executed_lines": [4, 6, 7, 8, 10, 19, 20, 32, 33, 35, 42, 43, 44, 45, 46, 47, 48, 49, 51, 52, 53, 54, 55, 56, 58, 59, 63, 65, 66, 69, 71, 72, 73, 75, 77, 78, 80, 81, 83, 84, 86, 87, 89, 90, 92, 93, 95, 96, 98, 99, 101, 102, 104, 105, 107, 109, 111, 112, 113, 115, 116, 117, 120, 121, 147, 148, 151, 152, 155, 156, 179, 181, 183, 185, 187, 189, 190, 191, 193, 194, 195, 197, 198, 199, 201, 202, 204, 205, 206, 208, 212, 213, 232, 233, 236, 237, 252, 253, 277, 278, 279, 280, 281, 282, 285, 286, 314, 315, 335, 336, 350, 353, 354, 366, 369, 370, 376, 377, 378, 382, 385, 387, 389, 391, 394, 395, 407, 408, 411, 412, 413, 418], "summary": {"covered_lines": 119, "num_statements": 120, "percent_covered": 99.16666666666667, "percent_covered_display": "99", "missing_lines": 1, "excluded_lines": 0}, "missing_lines": [209], "excluded_lines": [], "functions": {"DictLikeModel.__init__": {"executed_lines": [42, 43, 44, 45, 46, 47, 48, 49, 51, 52, 53, 54, 55, 56], "summary": {"covered_lines": 14, "num_statements": 14, "percent_covered": 100.0, "percent_covered_display": "100", "missing_lines": 0, "excluded_lines": 0}, "missing_lines": [], "excluded_lines": []}, "DictLikeModel.__getattr__": {"executed_lines": [59, 63, 65, 66, 69], "summary": {"covered_lines": 5, "num_statements": 5, "percent_covered": 100.0, "percent_covered_display": "100", "missing_lines": 0, "excluded_lines": 0}, "missing_lines": [], "excluded_lines": []}, "DictLikeModel.__setattr__": {"executed_lines": [72, 73, 75], "summary": {"covered_lines": 3, "num_statements": 3, "percent_covered": 100.0, "percent_covered_display": "100", "missing_lines": 0, "excluded_lines": 0}, "missing_lines": [], "excluded_lines": []}, "DictLikeModel.__getitem__": {"executed_lines": [78], "summary": {"covered_lines": 1, "num_statements": 1, "percent_covered": 100.0, "percent_covered_display": "100", "missing_lines": 0, "excluded_lines": 0}, "missing_lines": [], "excluded_lines": []}, "DictLikeModel.__setitem__": {"executed_lines": [81], "summary": {"covered_lines": 1, "num_statements": 1, "percent_covered": 100.0, "percent_covered_display": "100", "missing_lines": 0, "excluded_lines": 0}, "missing_lines": [], "excluded_lines": []}, "DictLikeModel.get": {"executed_lines": [84], "summary": {"covered_lines": 1, "num_statements": 1, "percent_covered": 100.0, "percent_covered_display": "100", "missing_lines": 0, "excluded_lines": 0}, "missing_lines": [], "excluded_lines": []}, "DictLikeModel.__contains__": {"executed_lines": [87], "summary": {"covered_lines": 1, "num_statements": 1, "percent_covered": 100.0, "percent_covered_display": "100", "missing_lines": 0, "excluded_lines": 0}, "missing_lines": [], "excluded_lines": []}, "DictLikeModel.keys": {"executed_lines": [90], "summary": {"covered_lines": 1, "num_statements": 1, "percent_covered": 100.0, "percent_covered_display": "100", "missing_lines": 0, "excluded_lines": 0}, "missing_lines": [], "excluded_lines": []}, "DictLikeModel.values": {"executed_lines": [93], "summary": {"covered_lines": 1, "num_statements": 1, "percent_covered": 100.0, "percent_covered_display": "100", "missing_lines": 0, "excluded_lines": 0}, "missing_lines": [], "excluded_lines": []}, "DictLikeModel.items": {"executed_lines": [96], "summary": {"covered_lines": 1, "num_statements": 1, "percent_covered": 100.0, "percent_covered_display": "100", "missing_lines": 0, "excluded_lines": 0}, "missing_lines": [], "excluded_lines": []}, "DictLikeModel.__len__": {"executed_lines": [99], "summary": {"covered_lines": 1, "num_statements": 1, "percent_covered": 100.0, "percent_covered_display": "100", "missing_lines": 0, "excluded_lines": 0}, "missing_lines": [], "excluded_lines": []}, "DictLikeModel.__iter__": {"executed_lines": [102], "summary": {"covered_lines": 1, "num_statements": 1, "percent_covered": 100.0, "percent_covered_display": "100", "missing_lines": 0, "excluded_lines": 0}, "missing_lines": [], "excluded_lines": []}, "DictLikeModel.to_dict": {"executed_lines": [105], "summary": {"covered_lines": 1, "num_statements": 1, "percent_covered": 100.0, "percent_covered_display": "100", "missing_lines": 0, "excluded_lines": 0}, "missing_lines": [], "excluded_lines": []}, "DictLikeModel.__bool__": {"executed_lines": [109], "summary": {"covered_lines": 1, "num_statements": 1, "percent_covered": 100.0, "percent_covered_display": "100", "missing_lines": 0, "excluded_lines": 0}, "missing_lines": [], "excluded_lines": []}, "DictLikeModel.custom_model_dump": {"executed_lines": [113, 115, 116, 117], "summary": {"covered_lines": 4, "num_statements": 4, "percent_covered": 100.0, "percent_covered_display": "100", "missing_lines": 0, "excluded_lines": 0}, "missing_lines": [], "excluded_lines": []}, "Event.__init__": {"executed_lines": [148], "summary": {"covered_lines": 1, "num_statements": 1, "percent_covered": 100.0, "percent_covered_display": "100", "missing_lines": 0, "excluded_lines": 0}, "missing_lines": [], "excluded_lines": []}, "StopEvent.__init__": {"executed_lines": [183], "summary": {"covered_lines": 1, "num_statements": 1, "percent_covered": 100.0, "percent_covered_display": "100", "missing_lines": 0, "excluded_lines": 0}, "missing_lines": [], "excluded_lines": []}, "StopEvent._get_result": {"executed_lines": [187], "summary": {"covered_lines": 1, "num_statements": 1, "percent_covered": 100.0, "percent_covered_display": "100", "missing_lines": 0, "excluded_lines": 0}, "missing_lines": [], "excluded_lines": []}, "StopEvent.result": {"executed_lines": [191], "summary": {"covered_lines": 1, "num_statements": 1, "percent_covered": 100.0, "percent_covered_display": "100", "missing_lines": 0, "excluded_lines": 0}, "missing_lines": [], "excluded_lines": []}, "StopEvent.custom_model_dump": {"executed_lines": [195, 197, 198, 199], "summary": {"covered_lines": 4, "num_statements": 4, "percent_covered": 100.0, "percent_covered_display": "100", "missing_lines": 0, "excluded_lines": 0}, "missing_lines": [], "excluded_lines": []}, "StopEvent.__repr__": {"executed_lines": [202, 204, 205, 206], "summary": {"covered_lines": 4, "num_statements": 4, "percent_covered": 100.0, "percent_covered_display": "100", "missing_lines": 0, "excluded_lines": 0}, "missing_lines": [], "excluded_lines": []}, "StopEvent.__str__": {"executed_lines": [], "summary": {"covered_lines": 0, "num_statements": 1, "percent_covered": 0.0, "percent_covered_display": "0", "missing_lines": 1, "excluded_lines": 0}, "missing_lines": [209], "excluded_lines": []}, "": {"executed_lines": [4, 6, 7, 8, 10, 19, 20, 32, 33, 35, 58, 71, 77, 80, 83, 86, 89, 92, 95, 98, 101, 104, 107, 111, 112, 120, 121, 147, 151, 152, 155, 156, 179, 181, 185, 189, 190, 193, 194, 201, 208, 212, 213, 232, 233, 236, 237, 252, 253, 277, 278, 279, 280, 281, 282, 285, 286, 314, 315, 335, 336, 350, 353, 354, 366, 369, 370, 376, 377, 378, 382, 385, 387, 389, 391, 394, 395, 407, 408, 411, 412, 413, 418], "summary": {"covered_lines": 70, "num_statements": 70, "percent_covered": 100.0, "percent_covered_display": "100", "missing_lines": 0, "excluded_lines": 0}, "missing_lines": [], "excluded_lines": []}}, "classes": {"DictLikeModel": {"executed_lines": [42, 43, 44, 45, 46, 47, 48, 49, 51, 52, 53, 54, 55, 56, 59, 63, 65, 66, 69, 72, 73, 75, 78, 81, 84, 87, 90, 93, 96, 99, 102, 105, 109, 113, 115, 116, 117], "summary": {"covered_lines": 37, "num_statements": 37, "percent_covered": 100.0, "percent_covered_display": "100", "missing_lines": 0, "excluded_lines": 0}, "missing_lines": [], "excluded_lines": []}, "Event": {"executed_lines": [148], "summary": {"covered_lines": 1, "num_statements": 1, "percent_covered": 100.0, "percent_covered_display": "100", "missing_lines": 0, "excluded_lines": 0}, "missing_lines": [], "excluded_lines": []}, "StartEvent": {"executed_lines": [], "summary": {"covered_lines": 0, "num_statements": 0, "percent_covered": 100.0, "percent_covered_display": "100", "missing_lines": 0, "excluded_lines": 0}, "missing_lines": [], "excluded_lines": []}, "StopEvent": {"executed_lines": [183, 187, 191, 195, 197, 198, 199, 202, 204, 205, 206], "summary": {"covered_lines": 11, "num_statements": 12, "percent_covered": 91.66666666666667, "percent_covered_display": "92", "missing_lines": 1, "excluded_lines": 0}, "missing_lines": [209], "excluded_lines": []}, "WorkflowTimedOutEvent": {"executed_lines": [], "summary": {"covered_lines": 0, "num_statements": 0, "percent_covered": 100.0, "percent_covered_display": "100", "missing_lines": 0, "excluded_lines": 0}, "missing_lines": [], "excluded_lines": []}, "WorkflowCancelledEvent": {"executed_lines": [], "summary": {"covered_lines": 0, "num_statements": 0, "percent_covered": 100.0, "percent_covered_display": "100", "missing_lines": 0, "excluded_lines": 0}, "missing_lines": [], "excluded_lines": []}, "WorkflowFailedEvent": {"executed_lines": [], "summary": {"covered_lines": 0, "num_statements": 0, "percent_covered": 100.0, "percent_covered_display": "100", "missing_lines": 0, "excluded_lines": 0}, "missing_lines": [], "excluded_lines": []}, "InputRequiredEvent": {"executed_lines": [], "summary": {"covered_lines": 0, "num_statements": 0, "percent_covered": 100.0, "percent_covered_display": "100", "missing_lines": 0, "excluded_lines": 0}, "missing_lines": [], "excluded_lines": []}, "HumanResponseEvent": {"executed_lines": [], "summary": {"covered_lines": 0, "num_statements": 0, "percent_covered": 100.0, "percent_covered_display": "100", "missing_lines": 0, "excluded_lines": 0}, "missing_lines": [], "excluded_lines": []}, "InternalDispatchEvent": {"executed_lines": [], "summary": {"covered_lines": 0, "num_statements": 0, "percent_covered": 100.0, "percent_covered_display": "100", "missing_lines": 0, "excluded_lines": 0}, "missing_lines": [], "excluded_lines": []}, "WorkflowIdleEvent": {"executed_lines": [], "summary": {"covered_lines": 0, "num_statements": 0, "percent_covered": 100.0, "percent_covered_display": "100", "missing_lines": 0, "excluded_lines": 0}, "missing_lines": [], "excluded_lines": []}, "UnhandledEvent": {"executed_lines": [], "summary": {"covered_lines": 0, "num_statements": 0, "percent_covered": 100.0, "percent_covered_display": "100", "missing_lines": 0, "excluded_lines": 0}, "missing_lines": [], "excluded_lines": []}, "StepState": {"executed_lines": [], "summary": {"covered_lines": 0, "num_statements": 0, "percent_covered": 100.0, "percent_covered_display": "100", "missing_lines": 0, "excluded_lines": 0}, "missing_lines": [], "excluded_lines": []}, "StepStateChanged": {"executed_lines": [], "summary": {"covered_lines": 0, "num_statements": 0, "percent_covered": 100.0, "percent_covered_display": "100", "missing_lines": 0, "excluded_lines": 0}, "missing_lines": [], "excluded_lines": []}, "": {"executed_lines": [4, 6, 7, 8, 10, 19, 20, 32, 33, 35, 58, 71, 77, 80, 83, 86, 89, 92, 95, 98, 101, 104, 107, 111, 112, 120, 121, 147, 151, 152, 155, 156, 179, 181, 185, 189, 190, 193, 194, 201, 208, 212, 213, 232, 233, 236, 237, 252, 253, 277, 278, 279, 280, 281, 282, 285, 286, 314, 315, 335, 336, 350, 353, 354, 366, 369, 370, 376, 377, 378, 382, 385, 387, 389, 391, 394, 395, 407, 408, 411, 412, 413, 418], "summary": {"covered_lines": 70, "num_statements": 70, "percent_covered": 100.0, "percent_covered_display": "100", "missing_lines": 0, "excluded_lines": 0}, "missing_lines": [], "excluded_lines": []}}}, "src/workflows/handler.py": {"executed_lines": [4, 6, 7, 8, 9, 10, 12, 17, 18, 19, 21, 26, 27, 31, 33, 34, 35, 37, 38, 40, 46, 48, 49, 51, 58, 59, 60, 61, 62, 63, 65, 66, 67, 68, 70, 71, 72, 73, 74, 77, 78, 79, 80, 82, 84, 85, 87, 89, 91, 93, 95, 97, 98, 100, 104, 151, 152, 153, 155, 156, 157, 158, 160, 161, 162, 164, 166, 167, 169, 171, 172, 173, 178, 179, 181, 183, 184, 185, 186, 187, 189, 191, 192, 193, 194, 195, 197, 198, 200, 202, 215, 216, 219, 220, 221, 223, 224, 225, 226, 228, 238, 239, 240, 247, 248, 249, 256, 257, 258, 265, 266, 267], "summary": {"covered_lines": 110, "num_statements": 120, "percent_covered": 91.66666666666667, "percent_covered_display": "92", "missing_lines": 10, "excluded_lines": 3}, "missing_lines": [75, 76, 102, 174, 196, 199, 217, 218, 222, 235], "excluded_lines": [21, 22, 23], "functions": {"WorkflowHandler._await_result": {"executed_lines": [34, 35], "summary": {"covered_lines": 2, "num_statements": 2, "percent_covered": 100.0, "percent_covered_display": "100", "missing_lines": 0, "excluded_lines": 0}, "missing_lines": [], "excluded_lines": []}, "WorkflowHandler.__await__": {"executed_lines": [38], "summary": {"covered_lines": 1, "num_statements": 1, "percent_covered": 100.0, "percent_covered_display": "100", "missing_lines": 0, "excluded_lines": 0}, "missing_lines": [], "excluded_lines": []}, "WorkflowHandler.__init__": {"executed_lines": [46, 48, 49, 51, 58, 59, 60, 61, 62, 63], "summary": {"covered_lines": 10, "num_statements": 10, "percent_covered": 100.0, "percent_covered_display": "100", "missing_lines": 0, "excluded_lines": 0}, "missing_lines": [], "excluded_lines": []}, "WorkflowHandler._wait_for_result": {"executed_lines": [66, 67, 68], "summary": {"covered_lines": 3, "num_statements": 3, "percent_covered": 100.0, "percent_covered_display": "100", "missing_lines": 0, "excluded_lines": 0}, "missing_lines": [], "excluded_lines": []}, "WorkflowHandler._handle_result_task_done": {"executed_lines": [71, 72, 73, 74, 77, 78, 79, 80, 82], "summary": {"covered_lines": 9, "num_statements": 11, "percent_covered": 81.81818181818181, "percent_covered_display": "82", "missing_lines": 2, "excluded_lines": 0}, "missing_lines": [75, 76], "excluded_lines": []}, "WorkflowHandler.ctx": {"executed_lines": [87], "summary": {"covered_lines": 1, "num_statements": 1, "percent_covered": 100.0, "percent_covered_display": "100", "missing_lines": 0, "excluded_lines": 0}, "missing_lines": [], "excluded_lines": []}, "WorkflowHandler.get_stop_event": {"executed_lines": [91], "summary": {"covered_lines": 1, "num_statements": 1, "percent_covered": 100.0, "percent_covered_display": "100", "missing_lines": 0, "excluded_lines": 0}, "missing_lines": [], "excluded_lines": []}, "WorkflowHandler.stop_event_result": {"executed_lines": [95], "summary": {"covered_lines": 1, "num_statements": 1, "percent_covered": 100.0, "percent_covered_display": "100", "missing_lines": 0, "excluded_lines": 0}, "missing_lines": [], "excluded_lines": []}, "WorkflowHandler.__str__": {"executed_lines": [98], "summary": {"covered_lines": 1, "num_statements": 1, "percent_covered": 100.0, "percent_covered_display": "100", "missing_lines": 0, "excluded_lines": 0}, "missing_lines": [], "excluded_lines": []}, "WorkflowHandler.is_done": {"executed_lines": [], "summary": {"covered_lines": 0, "num_statements": 1, "percent_covered": 0.0, "percent_covered_display": "0", "missing_lines": 1, "excluded_lines": 0}, "missing_lines": [102], "excluded_lines": []}, "WorkflowHandler.stream_events": {"executed_lines": [151, 152, 153, 155, 156, 157, 158, 160, 161, 162], "summary": {"covered_lines": 10, "num_statements": 10, "percent_covered": 100.0, "percent_covered_display": "100", "missing_lines": 0, "excluded_lines": 0}, "missing_lines": [], "excluded_lines": []}, "WorkflowHandler.done": {"executed_lines": [166, 167], "summary": {"covered_lines": 2, "num_statements": 2, "percent_covered": 100.0, "percent_covered_display": "100", "missing_lines": 0, "excluded_lines": 0}, "missing_lines": [], "excluded_lines": []}, "WorkflowHandler.cancel": {"executed_lines": [171, 172, 173, 178, 179], "summary": {"covered_lines": 5, "num_statements": 6, "percent_covered": 83.33333333333333, "percent_covered_display": "83", "missing_lines": 1, "excluded_lines": 0}, "missing_lines": [174], "excluded_lines": []}, "WorkflowHandler.exception": {"executed_lines": [183, 184, 185, 186, 187], "summary": {"covered_lines": 5, "num_statements": 5, "percent_covered": 100.0, "percent_covered_display": "100", "missing_lines": 0, "excluded_lines": 0}, "missing_lines": [], "excluded_lines": []}, "WorkflowHandler.cancelled": {"executed_lines": [191, 192, 193, 194, 195, 197, 198, 200], "summary": {"covered_lines": 8, "num_statements": 10, "percent_covered": 80.0, "percent_covered_display": "80", "missing_lines": 2, "excluded_lines": 0}, "missing_lines": [196, 199], "excluded_lines": []}, "WorkflowHandler.cancel_run": {"executed_lines": [215, 216, 219, 220, 221, 223, 224, 225, 226], "summary": {"covered_lines": 9, "num_statements": 12, "percent_covered": 75.0, "percent_covered_display": "75", "missing_lines": 3, "excluded_lines": 0}, "missing_lines": [217, 218, 222], "excluded_lines": []}, "WorkflowHandler.send_event": {"executed_lines": [], "summary": {"covered_lines": 0, "num_statements": 1, "percent_covered": 0.0, "percent_covered_display": "0", "missing_lines": 1, "excluded_lines": 0}, "missing_lines": [235], "excluded_lines": []}, "_warn_done_deprecated": {"executed_lines": [240], "summary": {"covered_lines": 1, "num_statements": 1, "percent_covered": 100.0, "percent_covered_display": "100", "missing_lines": 0, "excluded_lines": 0}, "missing_lines": [], "excluded_lines": []}, "_warn_cancel_deprecated": {"executed_lines": [249], "summary": {"covered_lines": 1, "num_statements": 1, "percent_covered": 100.0, "percent_covered_display": "100", "missing_lines": 0, "excluded_lines": 0}, "missing_lines": [], "excluded_lines": []}, "_warn_exception_deprecated": {"executed_lines": [258], "summary": {"covered_lines": 1, "num_statements": 1, "percent_covered": 100.0, "percent_covered_display": "100", "missing_lines": 0, "excluded_lines": 0}, "missing_lines": [], "excluded_lines": []}, "_warn_cancelled_deprecated": {"executed_lines": [267], "summary": {"covered_lines": 1, "num_statements": 1, "percent_covered": 100.0, "percent_covered_display": "100", "missing_lines": 0, "excluded_lines": 0}, "missing_lines": [], "excluded_lines": []}, "": {"executed_lines": [4, 6, 7, 8, 9, 10, 12, 17, 18, 19, 21, 26, 27, 31, 33, 37, 40, 65, 70, 84, 85, 89, 93, 97, 100, 104, 164, 169, 181, 189, 202, 228, 238, 239, 247, 248, 256, 257, 265, 266], "summary": {"covered_lines": 38, "num_statements": 38, "percent_covered": 100.0, "percent_covered_display": "100", "missing_lines": 0, "excluded_lines": 3}, "missing_lines": [], "excluded_lines": [21, 22, 23]}}, "classes": {"WorkflowHandler": {"executed_lines": [34, 35, 38, 46, 48, 49, 51, 58, 59, 60, 61, 62, 63, 66, 67, 68, 71, 72, 73, 74, 77, 78, 79, 80, 82, 87, 91, 95, 98, 151, 152, 153, 155, 156, 157, 158, 160, 161, 162, 166, 167, 171, 172, 173, 178, 179, 183, 184, 185, 186, 187, 191, 192, 193, 194, 195, 197, 198, 200, 215, 216, 219, 220, 221, 223, 224, 225, 226], "summary": {"covered_lines": 68, "num_statements": 78, "percent_covered": 87.17948717948718, "percent_covered_display": "87", "missing_lines": 10, "excluded_lines": 0}, "missing_lines": [75, 76, 102, 174, 196, 199, 217, 218, 222, 235], "excluded_lines": []}, "": {"executed_lines": [4, 6, 7, 8, 9, 10, 12, 17, 18, 19, 21, 26, 27, 31, 33, 37, 40, 65, 70, 84, 85, 89, 93, 97, 100, 104, 164, 169, 181, 189, 202, 228, 238, 239, 240, 247, 248, 249, 256, 257, 258, 265, 266, 267], "summary": {"covered_lines": 42, "num_statements": 42, "percent_covered": 100.0, "percent_covered_display": "100", "missing_lines": 0, "excluded_lines": 3}, "missing_lines": [], "excluded_lines": [21, 22, 23]}}}, "src/workflows/plugins/__init__.py": {"executed_lines": [3, 5, 6, 8], "summary": {"covered_lines": 3, "num_statements": 3, "percent_covered": 100.0, "percent_covered_display": "100", "missing_lines": 0, "excluded_lines": 0}, "missing_lines": [], "excluded_lines": [], "functions": {"": {"executed_lines": [3, 5, 6, 8], "summary": {"covered_lines": 3, "num_statements": 3, "percent_covered": 100.0, "percent_covered_display": "100", "missing_lines": 0, "excluded_lines": 0}, "missing_lines": [], "excluded_lines": []}}, "classes": {"": {"executed_lines": [3, 5, 6, 8], "summary": {"covered_lines": 3, "num_statements": 3, "percent_covered": 100.0, "percent_covered_display": "100", "missing_lines": 0, "excluded_lines": 0}, "missing_lines": [], "excluded_lines": []}}}, "src/workflows/plugins/_context.py": {"executed_lines": [3, 5, 7, 10, 17, 19, 20], "summary": {"covered_lines": 6, "num_statements": 6, "percent_covered": 100.0, "percent_covered_display": "100", "missing_lines": 0, "excluded_lines": 0}, "missing_lines": [], "excluded_lines": [], "functions": {"get_current_runtime": {"executed_lines": [17, 19, 20], "summary": {"covered_lines": 3, "num_statements": 3, "percent_covered": 100.0, "percent_covered_display": "100", "missing_lines": 0, "excluded_lines": 0}, "missing_lines": [], "excluded_lines": []}, "": {"executed_lines": [3, 5, 7, 10], "summary": {"covered_lines": 3, "num_statements": 3, "percent_covered": 100.0, "percent_covered_display": "100", "missing_lines": 0, "excluded_lines": 0}, "missing_lines": [], "excluded_lines": []}}, "classes": {"": {"executed_lines": [3, 5, 7, 10, 17, 19, 20], "summary": {"covered_lines": 6, "num_statements": 6, "percent_covered": 100.0, "percent_covered_display": "100", "missing_lines": 0, "excluded_lines": 0}, "missing_lines": [], "excluded_lines": []}}}, "src/workflows/plugins/basic.py": {"executed_lines": [4, 6, 7, 8, 9, 10, 11, 12, 14, 16, 17, 18, 19, 27, 31, 32, 34, 39, 40, 51, 53, 59, 60, 61, 62, 64, 65, 66, 68, 69, 70, 72, 73, 74, 77, 78, 85, 86, 88, 89, 90, 92, 93, 96, 97, 99, 100, 102, 103, 105, 106, 108, 109, 111, 112, 114, 117, 118, 121, 124, 131, 132, 134, 135, 136, 138, 139, 141, 142, 143, 144, 148, 149, 150, 151, 154, 155, 157, 160, 161, 163, 164, 166, 167, 169, 174, 175, 176, 178, 180, 181, 183, 184, 185, 188, 189, 191, 195, 199, 203, 204, 210, 214, 215, 216, 217, 218, 220, 221, 224, 225, 228, 229, 230, 232, 233, 234, 235, 237, 251, 252, 254, 258, 261, 262, 263, 268, 269, 271, 272, 274, 277, 278, 279, 283, 285, 286, 287, 289, 290, 291, 295, 299, 300, 302, 303, 305, 308, 311, 312, 315, 316, 317, 318, 319, 321, 324], "summary": {"covered_lines": 152, "num_statements": 163, "percent_covered": 93.25153374233129, "percent_covered_display": "93", "missing_lines": 11, "excluded_lines": 3}, "missing_lines": [94, 115, 152, 158, 170, 171, 172, 256, 292, 296, 304], "excluded_lines": [34, 35, 36], "functions": {"AsyncioAdapterQueues.__init__": {"executed_lines": [59, 60, 61, 62], "summary": {"covered_lines": 4, "num_statements": 4, "percent_covered": 100.0, "percent_covered_display": "100", "missing_lines": 0, "excluded_lines": 0}, "missing_lines": [], "excluded_lines": []}, "AsyncioAdapterQueues.receive_queue": {"executed_lines": [66], "summary": {"covered_lines": 1, "num_statements": 1, "percent_covered": 100.0, "percent_covered_display": "100", "missing_lines": 0, "excluded_lines": 0}, "missing_lines": [], "excluded_lines": []}, "AsyncioAdapterQueues.publish_queue": {"executed_lines": [70], "summary": {"covered_lines": 1, "num_statements": 1, "percent_covered": 100.0, "percent_covered_display": "100", "missing_lines": 0, "excluded_lines": 0}, "missing_lines": [], "excluded_lines": []}, "AsyncioAdapterQueues.stream_lock": {"executed_lines": [74], "summary": {"covered_lines": 1, "num_statements": 1, "percent_covered": 100.0, "percent_covered_display": "100", "missing_lines": 0, "excluded_lines": 0}, "missing_lines": [], "excluded_lines": []}, "InternalAsyncioAdapter.__init__": {"executed_lines": [86], "summary": {"covered_lines": 1, "num_statements": 1, "percent_covered": 100.0, "percent_covered_display": "100", "missing_lines": 0, "excluded_lines": 0}, "missing_lines": [], "excluded_lines": []}, "InternalAsyncioAdapter.run_id": {"executed_lines": [90], "summary": {"covered_lines": 1, "num_statements": 1, "percent_covered": 100.0, "percent_covered_display": "100", "missing_lines": 0, "excluded_lines": 0}, "missing_lines": [], "excluded_lines": []}, "InternalAsyncioAdapter.init_state": {"executed_lines": [], "summary": {"covered_lines": 0, "num_statements": 1, "percent_covered": 0.0, "percent_covered_display": "0", "missing_lines": 1, "excluded_lines": 0}, "missing_lines": [94], "excluded_lines": []}, "InternalAsyncioAdapter.wait_receive": {"executed_lines": [97], "summary": {"covered_lines": 1, "num_statements": 1, "percent_covered": 100.0, "percent_covered_display": "100", "missing_lines": 0, "excluded_lines": 0}, "missing_lines": [], "excluded_lines": []}, "InternalAsyncioAdapter.write_to_event_stream": {"executed_lines": [100], "summary": {"covered_lines": 1, "num_statements": 1, "percent_covered": 100.0, "percent_covered_display": "100", "missing_lines": 0, "excluded_lines": 0}, "missing_lines": [], "excluded_lines": []}, "InternalAsyncioAdapter.
[...]
g_lines": [], "excluded_lines": []}, "SqliteWorkflowStore._init_db": {"executed_lines": [21, 22, 23, 24, 26], "summary": {"covered_lines": 5, "num_statements": 5, "percent_covered": 100.0, "percent_covered_display": "100", "missing_lines": 0, "excluded_lines": 0}, "missing_lines": [], "excluded_lines": []}, "SqliteWorkflowStore.query": {"executed_lines": [29, 30, 31, 33, 34, 36, 37, 38, 39, 40, 41, 42, 44, 46], "summary": {"covered_lines": 14, "num_statements": 14, "percent_covered": 100.0, "percent_covered_display": "100", "missing_lines": 0, "excluded_lines": 0}, "missing_lines": [], "excluded_lines": []}, "SqliteWorkflowStore.update": {"executed_lines": [49, 50, 52, 85, 86], "summary": {"covered_lines": 5, "num_statements": 5, "percent_covered": 100.0, "percent_covered_display": "100", "missing_lines": 0, "excluded_lines": 0}, "missing_lines": [], "excluded_lines": []}, "SqliteWorkflowStore.delete": {"executed_lines": [89, 90, 91, 93, 94, 97, 98, 99, 100, 101, 102, 103, 105, 107], "summary": {"covered_lines": 14, "num_statements": 15, "percent_covered": 93.33333333333333, "percent_covered_display": "93", "missing_lines": 1, "excluded_lines": 0}, "missing_lines": [95], "excluded_lines": []}, "SqliteWorkflowStore._build_filters": {"executed_lines": [112, 113, 115, 120, 121, 122, 123, 125, 126, 127, 128, 130, 131, 133, 135, 141, 142, 144], "summary": {"covered_lines": 18, "num_statements": 22, "percent_covered": 81.81818181818181, "percent_covered_display": "82", "missing_lines": 4, "excluded_lines": 0}, "missing_lines": [132, 136, 137, 139], "excluded_lines": []}, "SqliteWorkflowStore._build_filters.add_in_clause": {"executed_lines": [116, 117, 118], "summary": {"covered_lines": 3, "num_statements": 3, "percent_covered": 100.0, "percent_covered_display": "100", "missing_lines": 0, "excluded_lines": 0}, "missing_lines": [], "excluded_lines": []}, "_row_to_persistent_handler": {"executed_lines": [148], "summary": {"covered_lines": 1, "num_statements": 1, "percent_covered": 100.0, "percent_covered_display": "100", "missing_lines": 0, "excluded_lines": 0}, "missing_lines": [], "excluded_lines": []}, "": {"executed_lines": [1, 2, 3, 4, 6, 7, 12, 15, 16, 20, 28, 48, 88, 109, 147], "summary": {"covered_lines": 15, "num_statements": 15, "percent_covered": 100.0, "percent_covered_display": "100", "missing_lines": 0, "excluded_lines": 0}, "missing_lines": [], "excluded_lines": []}}, "classes": {"SqliteWorkflowStore": {"executed_lines": [17, 18, 21, 22, 23, 24, 26, 29, 30, 31, 33, 34, 36, 37, 38, 39, 40, 41, 42, 44, 46, 49, 50, 52, 85, 86, 89, 90, 91, 93, 94, 97, 98, 99, 100, 101, 102, 103, 105, 107, 112, 113, 115, 116, 117, 118, 120, 121, 122, 123, 125, 126, 127, 128, 130, 131, 133, 135, 141, 142, 144], "summary": {"covered_lines": 61, "num_statements": 66, "percent_covered": 92.42424242424242, "percent_covered_display": "92", "missing_lines": 5, "excluded_lines": 0}, "missing_lines": [95, 132, 136, 137, 139], "excluded_lines": []}, "": {"executed_lines": [1, 2, 3, 4, 6, 7, 12, 15, 16, 20, 28, 48, 88, 109, 147, 148], "summary": {"covered_lines": 16, "num_statements": 16, "percent_covered": 100.0, "percent_covered_display": "100", "missing_lines": 0, "excluded_lines": 0}, "missing_lines": [], "excluded_lines": []}}}, "src/workflows/testing/__init__.py": {"executed_lines": [1, 3], "summary": {"covered_lines": 2, "num_statements": 2, "percent_covered": 100.0, "percent_covered_display": "100", "missing_lines": 0, "excluded_lines": 0}, "missing_lines": [], "excluded_lines": [], "functions": {"": {"executed_lines": [1, 3], "summary": {"covered_lines": 2, "num_statements": 2, "percent_covered": 100.0, "percent_covered_display": "100", "missing_lines": 0, "excluded_lines": 0}, "missing_lines": [], "excluded_lines": []}}, "classes": {"": {"executed_lines": [1, 3], "summary": {"covered_lines": 2, "num_statements": 2, "percent_covered": 100.0, "percent_covered_display": "100", "missing_lines": 0, "excluded_lines": 0}, "missing_lines": [], "excluded_lines": []}}}, "src/workflows/testing/runner.py": {"executed_lines": [1, 2, 3, 5, 6, 9, 10, 11, 20, 21, 22, 23, 26, 27, 34, 38, 40, 68, 69, 70, 71, 72, 73, 74, 75, 78, 79], "summary": {"covered_lines": 25, "num_statements": 25, "percent_covered": 100.0, "percent_covered_display": "100", "missing_lines": 0, "excluded_lines": 0}, "missing_lines": [], "excluded_lines": [], "functions": {"WorkflowTestRunner.__init__": {"executed_lines": [38], "summary": {"covered_lines": 1, "num_statements": 1, "percent_covered": 100.0, "percent_covered_display": "100", "missing_lines": 0, "excluded_lines": 0}, "missing_lines": [], "excluded_lines": []}, "WorkflowTestRunner.run": {"executed_lines": [68, 69, 70, 71, 72, 73, 74, 75, 78, 79], "summary": {"covered_lines": 10, "num_statements": 10, "percent_covered": 100.0, "percent_covered_display": "100", "missing_lines": 0, "excluded_lines": 0}, "missing_lines": [], "excluded_lines": []}, "": {"executed_lines": [1, 2, 3, 5, 6, 9, 10, 11, 20, 21, 22, 23, 26, 27, 34, 40], "summary": {"covered_lines": 14, "num_statements": 14, "percent_covered": 100.0, "percent_covered_display": "100", "missing_lines": 0, "excluded_lines": 0}, "missing_lines": [], "excluded_lines": []}}, "classes": {"WorkflowTestResult": {"executed_lines": [], "summary": {"covered_lines": 0, "num_statements": 0, "percent_covered": 100.0, "percent_covered_display": "100", "missing_lines": 0, "excluded_lines": 0}, "missing_lines": [], "excluded_lines": []}, "WorkflowTestRunner": {"executed_lines": [38, 68, 69, 70, 71, 72, 73, 74, 75, 78, 79], "summary": {"covered_lines": 11, "num_statements": 11, "percent_covered": 100.0, "percent_covered_display": "100", "missing_lines": 0, "excluded_lines": 0}, "missing_lines": [], "excluded_lines": []}, "": {"executed_lines": [1, 2, 3, 5, 6, 9, 10, 11, 20, 21, 22, 23, 26, 27, 34, 40], "summary": {"covered_lines": 14, "num_statements": 14, "percent_covered": 100.0, "percent_covered_display": "100", "missing_lines": 0, "excluded_lines": 0}, "missing_lines": [], "excluded_lines": []}}}, "src/workflows/types.py": {"executed_lines": [4, 6, 8, 9, 13, 15, 18, 19], "summary": {"covered_lines": 8, "num_statements": 8, "percent_covered": 100.0, "percent_covered_display": "100", "missing_lines": 0, "excluded_lines": 2}, "missing_lines": [], "excluded_lines": [10, 11], "functions": {"": {"executed_lines": [4, 6, 8, 9, 13, 15, 18, 19], "summary": {"covered_lines": 8, "num_statements": 8, "percent_covered": 100.0, "percent_covered_display": "100", "missing_lines": 0, "excluded_lines": 2}, "missing_lines": [], "excluded_lines": [10, 11]}}, "classes": {"": {"executed_lines": [4, 6, 8, 9, 13, 15, 18, 19], "summary": {"covered_lines": 8, "num_statements": 8, "percent_covered": 100.0, "percent_covered_display": "100", "missing_lines": 0, "excluded_lines": 2}, "missing_lines": [], "excluded_lines": [10, 11]}}}, "src/workflows/utils.py": {"executed_lines": [4, 6, 7, 8, 9, 21, 24, 25, 30, 31, 35, 37, 38, 39, 41, 44, 45, 47, 48, 49, 50, 51, 54, 71, 72, 74, 75, 77, 78, 79, 80, 83, 85, 86, 88, 91, 92, 93, 96, 97, 99, 100, 101, 104, 105, 106, 107, 108, 109, 114, 117, 118, 119, 122, 123, 128, 129, 131, 140, 151, 152, 153, 154, 155, 156, 157, 159, 160, 161, 164, 175, 177, 178, 180, 181, 182, 184, 187, 198, 200, 201, 203, 204, 205, 207, 210, 225, 226, 227, 228, 229, 230, 233, 239, 240, 241, 242, 244, 245, 247, 249, 252, 269, 270, 271, 273, 274, 276, 277, 279, 281, 284, 287, 289], "summary": {"covered_lines": 112, "num_statements": 112, "percent_covered": 100.0, "percent_covered_display": "100", "missing_lines": 0, "excluded_lines": 6}, "missing_lines": [], "excluded_lines": [21, 22, 26, 27, 32, 33], "functions": {"inspect_signature": {"executed_lines": [71, 72, 74, 75, 77, 78, 79, 80, 83, 85, 86, 88, 91, 92, 93, 96, 97, 99, 100, 101, 104, 105, 106, 107, 108, 109, 114, 117, 118, 119, 122, 123, 128, 129, 131], "summary": {"covered_lines": 35, "num_statements": 35, "percent_covered": 100.0, "percent_covered_display": "100", "missing_lines": 0, "excluded_lines": 0}, "missing_lines": [], "excluded_lines": []}, "validate_step_signature": {"executed_lines": [151, 152, 153, 154, 155, 156, 157, 159, 160, 161], "summary": {"covered_lines": 10, "num_statements": 10, "percent_covered": 100.0, "percent_covered_display": "100", "missing_lines": 0, "excluded_lines": 0}, "missing_lines": [], "excluded_lines": []}, "get_steps_from_class": {"executed_lines": [175, 177, 178, 180, 181, 182, 184], "summary": {"covered_lines": 7, "num_statements": 7, "percent_covered": 100.0, "percent_covered_display": "100", "missing_lines": 0, "excluded_lines": 0}, "missing_lines": [], "excluded_lines": []}, "get_steps_from_instance": {"executed_lines": [198, 200, 201, 203, 204, 205, 207], "summary": {"covered_lines": 7, "num_statements": 7, "percent_covered": 100.0, "percent_covered_display": "100", "missing_lines": 0, "excluded_lines": 0}, "missing_lines": [], "excluded_lines": []}, "_get_param_types": {"executed_lines": [225, 226, 227, 228, 229, 230], "summary": {"covered_lines": 6, "num_statements": 6, "percent_covered": 100.0, "percent_covered_display": "100", "missing_lines": 0, "excluded_lines": 0}, "missing_lines": [], "excluded_lines": []}, "_get_return_types": {"executed_lines": [239, 240, 241, 242, 244, 245, 247, 249], "summary": {"covered_lines": 8, "num_statements": 8, "percent_covered": 100.0, "percent_covered_display": "100", "missing_lines": 0, "excluded_lines": 0}, "missing_lines": [], "excluded_lines": []}, "is_free_function": {"executed_lines": [269, 270, 271, 273, 274, 276, 277, 279, 281], "summary": {"covered_lines": 9, "num_statements": 9, "percent_covered": 100.0, "percent_covered_display": "100", "missing_lines": 0, "excluded_lines": 0}, "missing_lines": [], "excluded_lines": []}, "_nanoid": {"executed_lines": [289], "summary": {"covered_lines": 1, "num_statements": 1, "percent_covered": 100.0, "percent_covered_display": "100", "missing_lines": 0, "excluded_lines": 0}, "missing_lines": [], "excluded_lines": []}, "": {"executed_lines": [4, 6, 7, 8, 9, 21, 24, 25, 30, 31, 35, 37, 38, 39, 41, 44, 45, 47, 48, 49, 50, 51, 54, 140, 164, 187, 210, 233, 252, 284, 287], "summary": {"covered_lines": 29, "num_statements": 29, "percent_covered": 100.0, "percent_covered_display": "100", "missing_lines": 0, "excluded_lines": 6}, "missing_lines": [], "excluded_lines": [21, 22, 26, 27, 32, 33]}}, "classes": {"StepSignatureSpec": {"executed_lines": [], "summary": {"covered_lines": 0, "num_statements": 0, "percent_covered": 100.0, "percent_covered_display": "100", "missing_lines": 0, "excluded_lines": 0}, "missing_lines": [], "excluded_lines": []}, "": {"executed_lines": [4, 6, 7, 8, 9, 21, 24, 25, 30, 31, 35, 37, 38, 39, 41, 44, 45, 47, 48, 49, 50, 51, 54, 71, 72, 74, 75, 77, 78, 79, 80, 83, 85, 86, 88, 91, 92, 93, 96, 97, 99, 100, 101, 104, 105, 106, 107, 108, 109, 114, 117, 118, 119, 122, 123, 128, 129, 131, 140, 151, 152, 153, 154, 155, 156, 157, 159, 160, 161, 164, 175, 177, 178, 180, 181, 182, 184, 187, 198, 200, 201, 203, 204, 205, 207, 210, 225, 226, 227, 228, 229, 230, 233, 239, 240, 241, 242, 244, 245, 247, 249, 252, 269, 270, 271, 273, 274, 276, 277, 279, 281, 284, 287, 289], "summary": {"covered_lines": 112, "num_statements": 112, "percent_covered": 100.0, "percent_covered_display": "100", "missing_lines": 0, "excluded_lines": 6}, "missing_lines": [], "excluded_lines": [21, 22, 26, 27, 32, 33]}}}, "src/workflows/workflow.py": {"executed_lines": [4, 6, 7, 13, 14, 16, 19, 20, 25, 32, 33, 34, 35, 37, 38, 41, 42, 43, 44, 47, 48, 96, 98, 99, 101, 131, 132, 133, 134, 136, 138, 139, 140, 142, 144, 147, 149, 150, 153, 156, 158, 160, 161, 163, 164, 165, 166, 170, 171, 173, 175, 176, 190, 191, 192, 193, 195, 201, 202, 203, 204, 205, 206, 208, 209, 210, 211, 215, 216, 217, 218, 222, 224, 226, 227, 232, 234, 235, 240, 242, 247, 248, 249, 252, 255, 256, 257, 258, 259, 260, 262, 264, 270, 271, 272, 273, 274, 275, 277, 278, 279, 280, 284, 285, 286, 287, 291, 293, 295, 296, 301, 303, 304, 310, 311, 312, 313, 315, 316, 317, 319, 321, 323, 325, 328, 330, 335, 336, 340, 341, 344, 345, 346, 347, 348, 349, 350, 352, 353, 405, 408, 411, 412, 417, 419, 427, 428, 429, 432, 433, 434, 439, 443, 444, 446, 447, 450, 452, 453, 456, 457, 458, 459, 460, 462, 463, 465, 466, 470, 473, 474, 475, 476, 477, 480, 481, 482, 483, 484, 485, 490, 491, 496, 503, 504, 511, 512, 513, 518], "summary": {"covered_lines": 187, "num_statements": 196, "percent_covered": 95.40816326530613, "percent_covered_display": "95", "missing_lines": 9, "excluded_lines": 5}, "missing_lines": [253, 331, 332, 425, 468, 486, 487, 497, 498], "excluded_lines": [16, 17, 18, 48, 359], "functions": {"WorkflowMeta.__init__": {"executed_lines": [43, 44], "summary": {"covered_lines": 2, "num_statements": 2, "percent_covered": 100.0, "percent_covered_display": "100", "missing_lines": 0, "excluded_lines": 0}, "missing_lines": [], "excluded_lines": []}, "Workflow.__init__": {"executed_lines": [131, 132, 133, 134, 136, 138, 139, 140, 142, 144, 147, 149, 150, 153, 156], "summary": {"covered_lines": 15, "num_statements": 15, "percent_covered": 100.0, "percent_covered_display": "100", "missing_lines": 0, "excluded_lines": 0}, "missing_lines": [], "excluded_lines": []}, "Workflow._validate_valid_step_message": {"executed_lines": [160, 161, 163, 164, 165, 166], "summary": {"covered_lines": 6, "num_statements": 6, "percent_covered": 100.0, "percent_covered_display": "100", "missing_lines": 0, "excluded_lines": 0}, "missing_lines": [], "excluded_lines": []}, "Workflow.runtime": {"executed_lines": [173], "summary": {"covered_lines": 1, "num_statements": 1, "percent_covered": 100.0, "percent_covered_display": "100", "missing_lines": 0, "excluded_lines": 0}, "missing_lines": [], "excluded_lines": []}, "Workflow.workflow_name": {"executed_lines": [190, 191, 192, 193], "summary": {"covered_lines": 4, "num_statements": 4, "percent_covered": 100.0, "percent_covered_display": "100", "missing_lines": 0, "excluded_lines": 0}, "missing_lines": [], "excluded_lines": []}, "Workflow._ensure_start_event_class": {"executed_lines": [201, 202, 203, 204, 205, 206, 208, 209, 210, 211, 215, 216, 217, 218, 222, 224], "summary": {"covered_lines": 16, "num_statements": 16, "percent_covered": 100.0, "percent_covered_display": "100", "missing_lines": 0, "excluded_lines": 0}, "missing_lines": [], "excluded_lines": []}, "Workflow.start_event_class": {"executed_lines": [232], "summary": {"covered_lines": 1, "num_statements": 1, "percent_covered": 100.0, "percent_covered_display": "100", "missing_lines": 0, "excluded_lines": 0}, "missing_lines": [], "excluded_lines": []}, "Workflow.events": {"executed_lines": [240], "summary": {"covered_lines": 1, "num_statements": 1, "percent_covered": 100.0, "percent_covered_display": "100", "missing_lines": 0, "excluded_lines": 0}, "missing_lines": [], "excluded_lines": []}, "Workflow._ensure_events_collected": {"executed_lines": [247, 248, 249, 252, 255, 256, 257, 258, 259, 260, 262], "summary": {"covered_lines": 11, "num_statements": 12, "percent_covered": 91.66666666666667, "percent_covered_display": "92", "missing_lines": 1, "excluded_lines": 0}, "missing_lines": [253], "excluded_lines": []}, "Workflow._ensure_stop_event_class": {"executed_lines": [270, 271, 272, 273, 274, 275, 277, 278, 279, 280, 284, 285, 286, 287, 291, 293], "summary": {"covered_lines": 16, "num_statements": 16, "percent_covered": 100.0, "percent_covered_display": "100", "missing_lines": 0, "excluded_lines": 0}, "missing_lines": [], "excluded_lines": []}, "Workflow.stop_event_class": {"executed_lines": [301], "summary": {"covered_lines": 1, "num_statements": 1, "percent_covered": 100.0, "percent_covered_display": "100", "missing_lines": 0, "excluded_lines": 0}, "missing_lines": [], "excluded_lines": []}, "Workflow.add_step": {"executed_lines": [310, 311, 312, 313, 315, 316, 317, 319], "summary": {"covered_lines": 8, "num_statements": 8, "percent_covered": 100.0, "percent_covered_display": "100", "missing_lines": 0, "excluded_lines": 0}, "missing_lines": [], "excluded_lines": []}, "Workflow._get_steps": {"executed_lines": [323], "summary": {"covered_lines": 1, "num_statements": 1, "percent_covered": 100.0, "percent_covered_display": "100", "missing_lines": 0, "excluded_lines": 0}, "missing_lines": [], "excluded_lines": []}, "Workflow._get_start_event_instance": {"executed_lines": [328, 330, 335, 336, 340, 341, 344, 345, 346, 347, 348, 349, 350], "summary": {"covered_lines": 13, "num_statements": 15, "percent_covered": 86.66666666666667, "percent_covered_display": "87", "missing_lines": 2, "excluded_lines": 0}, "missing_lines": [331, 332], "excluded_lines": []}, "Workflow.run": {"executed_lines": [405, 408, 411, 412, 417], "summary": {"covered_lines": 5, "num_statements": 5, "percent_covered": 100.0, "percent_covered_display": "100", "missing_lines": 0, "excluded_lines": 1}, "missing_lines": [], "excluded_lines": [359]}, "Workflow.validate": {"executed_lines": [], "summary": {"covered_lines": 0, "num_statements": 1, "percent_covered": 0.0, "percent_covered_display": "0", "missing_lines": 1, "excluded_lines": 0}, "missing_lines": [425], "excluded_lines": []}, "Workflow._validate": {"executed_lines": [428, 429, 432, 433, 434, 439, 443, 444, 446, 447, 450, 452, 453, 456, 457, 458, 459, 460, 462, 463, 465, 466, 470, 473, 474, 475, 476, 477, 480, 481, 482, 483, 484, 485, 490, 491, 496, 503, 504, 511, 512, 513, 518], "summary": {"covered_lines": 43, "num_statements": 48, "percent_covered": 89.58333333333333, "percent_covered_display": "90", "missing_lines": 5, "excluded_lines": 0}, "missing_lines": [468, 486, 487, 497, 498], "excluded_lines": []}, "": {"executed_lines": [4, 6, 7, 13, 14, 16, 19, 20, 25, 32, 33, 34, 35, 37, 38, 41, 42, 47, 48, 96, 98, 99, 101, 158, 170, 171, 175, 176, 195, 226, 227, 234, 235, 242, 264, 295, 296, 303, 304, 321, 325, 352, 353, 419, 427], "summary": {"covered_lines": 43, "num_statements": 43, "percent_covered": 100.0, "percent_covered_display": "100", "missing_lines": 0, "excluded_lines": 4}, "missing_lines": [], "excluded_lines": [16, 17, 18, 48]}}, "classes": {"WorkflowMeta": {"executed_lines": [43, 44], "summary": {"covered_lines": 2, "num_statements": 2, "percent_covered": 100.0, "percent_covered_display": "100", "missing_lines": 0, "excluded_lines": 0}, "missing_lines": [], "excluded_lines": []}, "Workflow": {"executed_lines": [131, 132, 133, 134, 136, 138, 139, 140, 142, 144, 147, 149, 150, 153, 156, 160, 161, 163, 164, 165, 166, 173, 190, 191, 192, 193, 201, 202, 203, 204, 205, 206, 208, 209, 210, 211, 215, 216, 217, 218, 222, 224, 232, 240, 247, 248, 249, 252, 255, 256, 257, 258, 259, 260, 262, 270, 271, 272, 273, 274, 275, 277, 278, 279, 280, 284, 285, 286, 287, 291, 293, 301, 310, 311, 312, 313, 315, 316, 317, 319, 323, 328, 330, 335, 336, 340, 341, 344, 345, 346, 347, 348, 349, 350, 405, 408, 411, 412, 417, 428, 429, 432, 433, 434, 439, 443, 444, 446, 447, 450, 452, 453, 456, 457, 458, 459, 460, 462, 463, 465, 466, 470, 473, 474, 475, 476, 477, 480, 481, 482, 483, 484, 485, 490, 491, 496, 503, 504, 511, 512, 513, 518], "summary": {"covered_lines": 142, "num_statements": 151, "percent_covered": 94.03973509933775, "percent_covered_display": "94", "missing_lines": 9, "excluded_lines": 1}, "missing_lines": [253, 331, 332, 425, 468, 486, 487, 497, 498], "excluded_lines": [359]}, "": {"executed_lines": [4, 6, 7, 13, 14, 16, 19, 20, 25, 32, 33, 34, 35, 37, 38, 41, 42, 47, 48, 96, 98, 99, 101, 158, 170, 171, 175, 176, 195, 226, 227, 234, 235, 242, 264, 295, 296, 303, 304, 321, 325, 352, 353, 419, 427], "summary": {"covered_lines": 43, "num_statements": 43, "percent_covered": 100.0, "percent_covered_display": "100", "missing_lines": 0, "excluded_lines": 4}, "missing_lines": [], "excluded_lines": [16, 17, 18, 48]}}}}, "totals": {"covered_lines": 3348, "num_statements": 3662, "percent_covered": 91.42545057345713, "percent_covered_display": "91", "missing_lines": 314, "excluded_lines": 165}}
